#
# There is insufficient memory for the Java Runtime Environment to continue.
# Native memory allocation (malloc) failed to allocate 32744 bytes for ChunkPool::allocate
# Possible reasons:
#   The system is out of physical RAM or swap space
#   The process is running with CompressedOops enabled, and the Java Heap may be blocking the growth of the native heap
# Possible solutions:
#   Reduce memory load on the system
#   Increase physical memory or swap space
#   Check if swap backing store is full
#   Decrease Java heap size (-Xmx/-Xms)
#   Decrease number of Java threads
#   Decrease Java thread stack sizes (-Xss)
#   Set larger code cache with -XX:ReservedCodeCacheSize=
#   JVM is running with Unscaled Compressed Oops mode in which the Java heap is
#     placed in the first 4GB address space. The Java Heap base address is the
#     maximum limit for the native heap growth. Please use -XX:HeapBaseMinAddress
#     to set the Java Heap base and to place the Java Heap above 4GB virtual address.
# This output file may be truncated or incomplete.
#
#  Out of Memory Error (allocation.cpp:272), pid=15956, tid=0x0000000000000c88
#
# JRE version: OpenJDK Runtime Environment (8.0_242-b01) (build 1.8.0_242-release-1644-b01)
# Java VM: OpenJDK 64-Bit Server VM (25.242-b01 mixed mode windows-amd64 compressed oops)
# Failed to write core dump. Minidumps are not enabled by default on client versions of Windows
#

---------------  T H R E A D  ---------------

Current thread (0x0000000019f63000):  JavaThread "C2 CompilerThread2" daemon [_thread_in_native, id=3208, stack(0x000000001a950000,0x000000001aa50000)]

Stack: [0x000000001a950000,0x000000001aa50000]
[error occurred during error reporting (printing stack bounds), id 0xc0000005]

Native frames: (J=compiled Java code, j=interpreted, Vv=VM code, C=native code)


Current CompileTask:
C2:   3118 1504   !   4       java.net.URLClassLoader$1::run (63 bytes)


---------------  P R O C E S S  ---------------

Java Threads: ( => current thread )
  0x0000000019f67800 JavaThread "Cache worker for file hash cache (C:\Users\Kimdaewook\AndroidStudioProjects\Calculator\.gradle\6.1.1\fileHashes)" [_thread_blocked, id=12832, stack(0x0000000020f30000,0x0000000021030000)]
  0x0000000019f65800 JavaThread "Cache worker for checksums cache (C:\Users\Kimdaewook\AndroidStudioProjects\Calculator\.gradle\checksums)" [_thread_blocked, id=5420, stack(0x0000000020e30000,0x0000000020f30000)]
  0x0000000019f66000 JavaThread "Cache worker for file hash cache (C:\Users\Kimdaewook\Android_AVD_Gradle\.gradle\caches\6.1.1\fileHashes)" [_thread_blocked, id=16192, stack(0x000000001e7d0000,0x000000001e8d0000)]
  0x000000001cbcb800 JavaThread "File lock request listener" [_thread_in_native, id=5780, stack(0x000000001e6d0000,0x000000001e7d0000)]
  0x000000001cbc2800 JavaThread "Cache worker for journal cache (C:\Users\Kimdaewook\Android_AVD_Gradle\.gradle\caches\journal-1)" [_thread_blocked, id=14620, stack(0x000000001e5d0000,0x000000001e6d0000)]
  0x000000001c9e9800 JavaThread "Thread-9" [_thread_blocked, id=1828, stack(0x000000001e2d0000,0x000000001e3d0000)]
  0x000000001c9e7000 JavaThread "Stdin handler" [_thread_blocked, id=7424, stack(0x000000001e1d0000,0x000000001e2d0000)]
  0x000000001ca8a000 JavaThread "Asynchronous log dispatcher for DefaultDaemonConnection: socket connection from /127.0.0.1:2978 to /127.0.0.1:2981" [_thread_blocked, id=15804, stack(0x000000001e0d0000,0x000000001e1d0000)]
  0x000000001ca07000 JavaThread "Daemon worker" [_thread_in_vm, id=15704, stack(0x000000001dfd0000,0x000000001e0d0000)]
  0x000000001c9db000 JavaThread "Cancel handler" [_thread_blocked, id=16932, stack(0x000000001ded0000,0x000000001dfd0000)]
  0x000000001c983800 JavaThread "Handler for socket connection from /127.0.0.1:2978 to /127.0.0.1:2981" [_thread_in_native, id=7252, stack(0x000000001dbd0000,0x000000001dcd0000)]
  0x000000001b1b4000 JavaThread "Daemon" [_thread_blocked, id=11560, stack(0x000000001dad0000,0x000000001dbd0000)]
  0x000000001c991800 JavaThread "Daemon periodic checks" [_thread_blocked, id=3452, stack(0x000000001d9d0000,0x000000001dad0000)]
  0x000000001c99e800 JavaThread "Incoming local TCP Connector on port 2978" [_thread_in_native, id=4212, stack(0x000000001d7f0000,0x000000001d8f0000)]
  0x000000001c8bc800 JavaThread "Daemon health stats" [_thread_blocked, id=15964, stack(0x000000001d6f0000,0x000000001d7f0000)]
  0x0000000019fef800 JavaThread "Service Thread" daemon [_thread_blocked, id=12464, stack(0x000000001ab50000,0x000000001ac50000)]
  0x0000000019f64800 JavaThread "C1 CompilerThread3" daemon [_thread_blocked, id=10580, stack(0x000000001aa50000,0x000000001ab50000)]
=>0x0000000019f63000 JavaThread "C2 CompilerThread2" daemon [_thread_in_native, id=3208, stack(0x000000001a950000,0x000000001aa50000)]
  0x00000000180fa000 JavaThread "C2 CompilerThread1" daemon [_thread_in_native, id=7304, stack(0x000000001a850000,0x000000001a950000)]
  0x0000000019efc000 JavaThread "C2 CompilerThread0" daemon [_thread_in_native, id=268, stack(0x000000001a750000,0x000000001a850000)]
  0x0000000019efb000 JavaThread "Attach Listener" daemon [_thread_blocked, id=8680, stack(0x000000001a650000,0x000000001a750000)]
  0x0000000019ee6800 JavaThread "Signal Dispatcher" daemon [_thread_blocked, id=12420, stack(0x000000001a550000,0x000000001a650000)]
  0x0000000019ee1800 JavaThread "Finalizer" daemon [_thread_blocked, id=17028, stack(0x000000001a3c0000,0x000000001a4c0000)]
  0x0000000019ee0800 JavaThread "Reference Handler" daemon [_thread_blocked, id=8712, stack(0x000000001a2c0000,0x000000001a3c0000)]
  0x0000000002c0e000 JavaThread "main" [_thread_blocked, id=16036, stack(0x0000000002a80000,0x0000000002b80000)]

Other Threads:
  0x00000000180e8000 VMThread [stack: 0x0000000019dc0000,0x0000000019ec0000] [id=13856]
  0x0000000019ff0800 WatcherThread [stack: 0x000000001ac50000,0x000000001ad50000] [id=14020]

VM state:not at safepoint (normal execution)

VM Mutex/Monitor currently owned by a thread: None

heap address: 0x0000000080000000, size: 2048 MB, Compressed Oops mode: 32-bit
Narrow klass base: 0x0000000000000000, Narrow klass shift: 3
Compressed class space size: 1073741824 Address: 0x0000000100000000

Heap:
 PSYoungGen      total 37888K, used 18182K [0x00000000d5580000, 0x00000000d7f80000, 0x0000000100000000)
  eden space 32768K, 39% used [0x00000000d5580000,0x00000000d62471d8,0x00000000d7580000)
  from space 5120K, 99% used [0x00000000d7580000,0x00000000d7a7a630,0x00000000d7a80000)
  to   space 5120K, 0% used [0x00000000d7a80000,0x00000000d7a80000,0x00000000d7f80000)
 ParOldGen       total 86016K, used 6941K [0x0000000080000000, 0x0000000085400000, 0x00000000d5580000)
  object space 86016K, 8% used [0x0000000080000000,0x00000000806c74a8,0x0000000085400000)
 Metaspace       used 18637K, capacity 19282K, committed 19456K, reserved 1067008K
  class space    used 2567K, capacity 2771K, committed 2816K, reserved 1048576K

Card table byte_map: [0x0000000012440000,0x0000000012850000] byte_map_base: 0x0000000012040000

Marking Bits: (ParMarkBitMap*) 0x000000005643f030
 Begin Bits: [0x0000000013300000, 0x0000000015300000)
 End Bits:   [0x0000000015300000, 0x0000000017300000)

Polling page: 0x0000000000e60000

CodeCache: size=245760Kb used=5892Kb max_used=5892Kb free=239867Kb
 bounds [0x0000000003080000, 0x0000000003650000, 0x0000000012080000]
 total_blobs=2079 nmethods=1665 adapters=327
 compilation: enabled

Compilation events (10 events):
Event: 3.117 Thread 0x0000000019f64800 nmethod 1660 0x000000000363d710 code [0x000000000363da60, 0x000000000363f428]
Event: 3.117 Thread 0x0000000019f64800 1661       3       java.util.LinkedHashMap$LinkedValueIterator::next (8 bytes)
Event: 3.117 Thread 0x0000000019f64800 nmethod 1661 0x000000000363a550 code [0x000000000363a6c0, 0x000000000363a8c8]
Event: 3.117 Thread 0x0000000019f64800 1663       1       java.util.Collections$EmptyMap::get (2 bytes)
Event: 3.117 Thread 0x0000000019f64800 nmethod 1663 0x000000000363b310 code [0x000000000363b460, 0x000000000363b570]
Event: 3.117 Thread 0x0000000019f64800 1665       1       java.lang.reflect.Method::getRoot (5 bytes)
Event: 3.117 Thread 0x00000000180fa000 nmethod 1658 0x000000000363b050 code [0x000000000363b1a0, 0x000000000363b258]
Event: 3.117 Thread 0x0000000019f64800 nmethod 1665 0x000000000363ad90 code [0x000000000363aee0, 0x000000000363aff0]
Event: 3.117 Thread 0x00000000180fa000 1664       4       java.util.ArrayList$Itr::next (66 bytes)
Event: 3.117 Thread 0x0000000019f64800 1659       3       java.util.Objects::equals (23 bytes)

GC Heap History (10 events):
Event: 0.862 GC heap before
{Heap before GC invocations=1 (full 0):
 PSYoungGen      total 37888K, used 32768K [0x00000000d5580000, 0x00000000d7f80000, 0x0000000100000000)
  eden space 32768K, 100% used [0x00000000d5580000,0x00000000d7580000,0x00000000d7580000)
  from space 5120K, 0% used [0x00000000d7a80000,0x00000000d7a80000,0x00000000d7f80000)
  to   space 5120K, 0% used [0x00000000d7580000,0x00000000d7580000,0x00000000d7a80000)
 ParOldGen       total 86016K, used 0K [0x0000000080000000, 0x0000000085400000, 0x00000000d5580000)
  object space 86016K, 0% used [0x0000000080000000,0x0000000080000000,0x0000000085400000)
 Metaspace       used 7567K, capacity 7836K, committed 8064K, reserved 1056768K
  class space    used 929K, capacity 1036K, committed 1152K, reserved 1048576K
Event: 0.869 GC heap after
Heap after GC invocations=1 (full 0):
 PSYoungGen      total 37888K, used 4705K [0x00000000d5580000, 0x00000000d7f80000, 0x0000000100000000)
  eden space 32768K, 0% used [0x00000000d5580000,0x00000000d5580000,0x00000000d7580000)
  from space 5120K, 91% used [0x00000000d7580000,0x00000000d7a184d0,0x00000000d7a80000)
  to   space 5120K, 0% used [0x00000000d7a80000,0x00000000d7a80000,0x00000000d7f80000)
 ParOldGen       total 86016K, used 16K [0x0000000080000000, 0x0000000085400000, 0x00000000d5580000)
  object space 86016K, 0% used [0x0000000080000000,0x0000000080004000,0x0000000085400000)
 Metaspace       used 7567K, capacity 7836K, committed 8064K, reserved 1056768K
  class space    used 929K, capacity 1036K, committed 1152K, reserved 1048576K
}
Event: 1.153 GC heap before
{Heap before GC invocations=2 (full 0):
 PSYoungGen      total 37888K, used 37473K [0x00000000d5580000, 0x00000000d7f80000, 0x0000000100000000)
  eden space 32768K, 100% used [0x00000000d5580000,0x00000000d7580000,0x00000000d7580000)
  from space 5120K, 91% used [0x00000000d7580000,0x00000000d7a184d0,0x00000000d7a80000)
  to   space 5120K, 0% used [0x00000000d7a80000,0x00000000d7a80000,0x00000000d7f80000)
 ParOldGen       total 86016K, used 16K [0x0000000080000000, 0x0000000085400000, 0x00000000d5580000)
  object space 86016K, 0% used [0x0000000080000000,0x0000000080004000,0x0000000085400000)
 Metaspace       used 7757K, capacity 8028K, committed 8320K, reserved 1056768K
  class space    used 938K, capacity 1036K, committed 1152K, reserved 1048576K
Event: 1.156 GC heap after
Heap after GC invocations=2 (full 0):
 PSYoungGen      total 37888K, used 3527K [0x00000000d5580000, 0x00000000d7f80000, 0x0000000100000000)
  eden space 32768K, 0% used [0x00000000d5580000,0x00000000d5580000,0x00000000d7580000)
  from space 5120K, 68% used [0x00000000d7a80000,0x00000000d7df1d70,0x00000000d7f80000)
  to   space 5120K, 0% used [0x00000000d7580000,0x00000000d7580000,0x00000000d7a80000)
 ParOldGen       total 86016K, used 24K [0x0000000080000000, 0x0000000085400000, 0x00000000d5580000)
  object space 86016K, 0% used [0x0000000080000000,0x0000000080006000,0x0000000085400000)
 Metaspace       used 7757K, capacity 8028K, committed 8320K, reserved 1056768K
  class space    used 938K, capacity 1036K, committed 1152K, reserved 1048576K
}
Event: 2.369 GC heap before
{Heap before GC invocations=3 (full 0):
 PSYoungGen      total 37888K, used 36295K [0x00000000d5580000, 0x00000000d7f80000, 0x0000000100000000)
  eden space 32768K, 100% used [0x00000000d5580000,0x00000000d7580000,0x00000000d7580000)
  from space 5120K, 68% used [0x00000000d7a80000,0x00000000d7df1d70,0x00000000d7f80000)
  to   space 5120K, 0% used [0x00000000d7580000,0x00000000d7580000,0x00000000d7a80000)
 ParOldGen       total 86016K, used 24K [0x0000000080000000, 0x0000000085400000, 0x00000000d5580000)
  object space 86016K, 0% used [0x0000000080000000,0x0000000080006000,0x0000000085400000)
 Metaspace       used 11019K, capacity 11266K, committed 11648K, reserved 1058816K
  class space    used 1445K, capacity 1541K, committed 1664K, reserved 1048576K
Event: 2.375 GC heap after
Heap after GC invocations=3 (full 0):
 PSYoungGen      total 37888K, used 5097K [0x00000000d5580000, 0x00000000d7f80000, 0x0000000100000000)
  eden space 32768K, 0% used [0x00000000d5580000,0x00000000d5580000,0x00000000d7580000)
  from space 5120K, 99% used [0x00000000d7580000,0x00000000d7a7a650,0x00000000d7a80000)
  to   space 5120K, 0% used [0x00000000d7a80000,0x00000000d7a80000,0x00000000d7f80000)
 ParOldGen       total 86016K, used 954K [0x0000000080000000, 0x0000000085400000, 0x00000000d5580000)
  object space 86016K, 1% used [0x0000000080000000,0x00000000800eeb50,0x0000000085400000)
 Metaspace       used 11019K, capacity 11266K, committed 11648K, reserved 1058816K
  class space    used 1445K, capacity 1541K, committed 1664K, reserved 1048576K
}
Event: 2.666 GC heap before
{Heap before GC invocations=4 (full 0):
 PSYoungGen      total 37888K, used 37673K [0x00000000d5580000, 0x00000000d7f80000, 0x0000000100000000)
  eden space 32768K, 99% used [0x00000000d5580000,0x00000000d7550168,0x00000000d7580000)
  from space 5120K, 99% used [0x00000000d7580000,0x00000000d7a7a650,0x00000000d7a80000)
  to   space 5120K, 0% used [0x00000000d7a80000,0x00000000d7a80000,0x00000000d7f80000)
 ParOldGen       total 86016K, used 954K [0x0000000080000000, 0x0000000085400000, 0x00000000d5580000)
  object space 86016K, 1% used [0x0000000080000000,0x00000000800eeb50,0x0000000085400000)
 Metaspace       used 14258K, capacity 14738K, committed 14976K, reserved 1062912K
  class space    used 1943K, capacity 2093K, committed 2176K, reserved 1048576K
Event: 2.672 GC heap after
Heap after GC invocations=4 (full 0):
 PSYoungGen      total 37888K, used 5112K [0x00000000d5580000, 0x00000000d7f80000, 0x0000000100000000)
  eden space 32768K, 0% used [0x00000000d5580000,0x00000000d5580000,0x00000000d7580000)
  from space 5120K, 99% used [0x00000000d7a80000,0x00000000d7f7e230,0x00000000d7f80000)
  to   space 5120K, 0% used [0x00000000d7580000,0x00000000d7580000,0x00000000d7a80000)
 ParOldGen       total 86016K, used 3624K [0x0000000080000000, 0x0000000085400000, 0x00000000d5580000)
  object space 86016K, 4% used [0x0000000080000000,0x000000008038a2d0,0x0000000085400000)
 Metaspace       used 14258K, capacity 14738K, committed 14976K, reserved 1062912K
  class space    used 1943K, capacity 2093K, committed 2176K, reserved 1048576K
}
Event: 2.951 GC heap before
{Heap before GC invocations=5 (full 0):
 PSYoungGen      total 37888K, used 37880K [0x00000000d5580000, 0x00000000d7f80000, 0x0000000100000000)
  eden space 32768K, 100% used [0x00000000d5580000,0x00000000d7580000,0x00000000d7580000)
  from space 5120K, 99% used [0x00000000d7a80000,0x00000000d7f7e230,0x00000000d7f80000)
  to   space 5120K, 0% used [0x00000000d7580000,0x00000000d7580000,0x00000000d7a80000)
 ParOldGen       total 86016K, used 3624K [0x0000000080000000, 0x0000000085400000, 0x00000000d5580000)
  object space 86016K, 4% used [0x0000000080000000,0x000000008038a2d0,0x0000000085400000)
 Metaspace       used 17278K, capacity 17832K, committed 18176K, reserved 1064960K
  class space    used 2358K, capacity 2530K, committed 2560K, reserved 1048576K
Event: 2.960 GC heap after
Heap after GC invocations=5 (full 0):
 PSYoungGen      total 37888K, used 5097K [0x00000000d5580000, 0x00000000d7f80000, 0x0000000100000000)
  eden space 32768K, 0% used [0x00000000d5580000,0x00000000d5580000,0x00000000d7580000)
  from space 5120K, 99% used [0x00000000d7580000,0x00000000d7a7a630,0x00000000d7a80000)
  to   space 5120K, 0% used [0x00000000d7a80000,0x00000000d7a80000,0x00000000d7f80000)
 ParOldGen       total 86016K, used 6941K [0x0000000080000000, 0x0000000085400000, 0x00000000d5580000)
  object space 86016K, 8% used [0x0000000080000000,0x00000000806c74a8,0x0000000085400000)
 Metaspace       used 17278K, capacity 17832K, committed 18176K, reserved 1064960K
  class space    used 2358K, capacity 2530K, committed 2560K, reserved 1048576K
}

Deoptimization events (10 events):
Event: 2.460 Thread 0x000000001ca07000 Uncommon trap: reason=bimorphic action=maybe_recompile pc=0x000000000333d724 method=java.util.HashMap.putVal(ILjava/lang/Object;Ljava/lang/Object;ZZ)Ljava/lang/Object; @ 253
Event: 2.460 Thread 0x000000001ca07000 Uncommon trap: reason=bimorphic action=maybe_recompile pc=0x000000000333d724 method=java.util.HashMap.putVal(ILjava/lang/Object;Ljava/lang/Object;ZZ)Ljava/lang/Object; @ 253
Event: 2.460 Thread 0x000000001ca07000 Uncommon trap: reason=bimorphic action=maybe_recompile pc=0x000000000333d724 method=java.util.HashMap.putVal(ILjava/lang/Object;Ljava/lang/Object;ZZ)Ljava/lang/Object; @ 253
Event: 2.460 Thread 0x000000001ca07000 Uncommon trap: reason=bimorphic action=maybe_recompile pc=0x000000000333d724 method=java.util.HashMap.putVal(ILjava/lang/Object;Ljava/lang/Object;ZZ)Ljava/lang/Object; @ 253
Event: 2.628 Thread 0x000000001ca07000 Uncommon trap: reason=class_check action=maybe_recompile pc=0x00000000033ad898 method=java.util.regex.Matcher.match(II)Z @ 86
Event: 2.629 Thread 0x000000001ca07000 Uncommon trap: reason=class_check action=maybe_recompile pc=0x00000000033ad898 method=java.util.regex.Matcher.match(II)Z @ 86
Event: 2.629 Thread 0x000000001ca07000 Uncommon trap: reason=class_check action=maybe_recompile pc=0x00000000033ad898 method=java.util.regex.Matcher.match(II)Z @ 86
Event: 2.629 Thread 0x000000001ca07000 Uncommon trap: reason=class_check action=maybe_recompile pc=0x00000000032401dc method=java.util.regex.Matcher.match(II)Z @ 86
Event: 2.819 Thread 0x000000001ca07000 Uncommon trap: reason=unstable_if action=reinterpret pc=0x00000000033b401c method=java.io.File.getName()Ljava/lang/String; @ 16
Event: 2.970 Thread 0x000000001ca07000 Uncommon trap: reason=unstable_if action=reinterpret pc=0x00000000035e9eac method=java.util.HashMap.putVal(ILjava/lang/Object;Ljava/lang/Object;ZZ)Ljava/lang/Object; @ 236

Classes redefined (0 events):
No events

Internal exceptions (10 events):
Event: 2.423 Thread 0x000000001c983800 Exception <a 'java/lang/NoSuchMethodError': <clinit>> (0x00000000d5955838) thrown at [C:\src\AOSP-openjdk-git\hotspot\src\share\vm\prims\jni.cpp, line 1615]
Event: 2.424 Thread 0x000000001c983800 Exception <a 'java/lang/NoSuchMethodError': <clinit>> (0x00000000d595e3d8) thrown at [C:\src\AOSP-openjdk-git\hotspot\src\share\vm\prims\jni.cpp, line 1615]
Event: 2.425 Thread 0x000000001c983800 Exception <a 'java/lang/NoSuchMethodError': <clinit>> (0x00000000d59749b8) thrown at [C:\src\AOSP-openjdk-git\hotspot\src\share\vm\prims\jni.cpp, line 1615]
Event: 2.432 Thread 0x000000001c983800 Exception <a 'java/lang/NoSuchMethodError': <clinit>> (0x00000000d59cf868) thrown at [C:\src\AOSP-openjdk-git\hotspot\src\share\vm\prims\jni.cpp, line 1615]
Event: 2.434 Thread 0x000000001c983800 Exception <a 'java/lang/NoSuchMethodError': <clinit>> (0x00000000d59fc2f0) thrown at [C:\src\AOSP-openjdk-git\hotspot\src\share\vm\prims\jni.cpp, line 1615]
Event: 2.437 Thread 0x000000001c983800 Exception <a 'java/lang/NoSuchMethodError': <clinit>> (0x00000000d5a29998) thrown at [C:\src\AOSP-openjdk-git\hotspot\src\share\vm\prims\jni.cpp, line 1615]
Event: 2.438 Thread 0x000000001c983800 Exception <a 'java/lang/NoSuchMethodError': <clinit>> (0x00000000d5a34a20) thrown at [C:\src\AOSP-openjdk-git\hotspot\src\share\vm\prims\jni.cpp, line 1615]
Event: 2.851 Thread 0x000000001ca07000 Exception <a 'java/lang/NoSuchMethodError': java.lang.Object.lambda$and$0(Ljava/util/function/Predicate;Ljava/lang/Object;)Z> (0x00000000d6cd16b0) thrown at [C:\src\AOSP-openjdk-git\hotspot\src\share\vm\interpreter\linkResolver.cpp, line 620]
Event: 2.854 Thread 0x000000001ca07000 Exception <a 'java/lang/IncompatibleClassChangeError': Found class java.lang.Object, but interface was expected> (0x00000000d6ce1ea0) thrown at [C:\src\AOSP-openjdk-git\hotspot\src\share\vm\interpreter\linkResolver.cpp, line 653]
Event: 2.855 Thread 0x000000001ca07000 Exception <a 'java/lang/NoSuchMethodError': java.lang.Object.lambda$or$2(Ljava/util/function/Predicate;Ljava/lang/Object;)Z> (0x00000000d6ce6dc0) thrown at [C:\src\AOSP-openjdk-git\hotspot\src\share\vm\interpreter\linkResolver.cpp, line 620]

Events (10 events):
Event: 3.112 loading class org/gradle/api/plugins/ObjectConfigurationAction
Event: 3.112 loading class org/gradle/api/plugins/ObjectConfigurationAction done
Event: 3.112 loading class org/gradle/execution/taskgraph/TaskExecutionGraphInternal
Event: 3.112 loading class org/gradle/execution/taskgraph/TaskExecutionGraphInternal done
Event: 3.113 loading class org/gradle/api/plugins/PluginContainer
Event: 3.113 loading class org/gradle/api/plugins/PluginContainer done
Event: 3.113 loading class org/gradle/api/plugins/PluginCollection
Event: 3.113 loading class org/gradle/api/plugins/PluginCollection done
Event: 3.114 loading class org/gradle/configuration/ConfigurationTargetIdentifier
Event: 3.114 loading class org/gradle/configuration/ConfigurationTargetIdentifier done


Dynamic libraries:
0x00007ff623230000 - 0x00007ff623261000 	C:\Program Files\Android\Android Studio\jre\bin\java.exe
0x00007ffbcb300000 - 0x00007ffbcb4f0000 	C:\Windows\SYSTEM32\ntdll.dll
0x00007ffbcafa0000 - 0x00007ffbcb052000 	C:\Windows\System32\KERNEL32.DLL
0x00007ffbc8280000 - 0x00007ffbc8524000 	C:\Windows\System32\KERNELBASE.dll
0x00007ffbca230000 - 0x00007ffbca2d3000 	C:\Windows\System32\ADVAPI32.dll
0x00007ffbcaa90000 - 0x00007ffbcab2e000 	C:\Windows\System32\msvcrt.dll
0x00007ffbcac60000 - 0x00007ffbcacf7000 	C:\Windows\System32\sechost.dll
0x00007ffbcb1a0000 - 0x00007ffbcb2c0000 	C:\Windows\System32\RPCRT4.dll
0x00007ffbcad00000 - 0x00007ffbcae95000 	C:\Windows\System32\USER32.dll
0x00007ffbc85c0000 - 0x00007ffbc85e1000 	C:\Windows\System32\win32u.dll
0x00007ffbc9e40000 - 0x00007ffbc9e66000 	C:\Windows\System32\GDI32.dll
0x00007ffbc8640000 - 0x00007ffbc87d6000 	C:\Windows\System32\gdi32full.dll
0x00007ffbc9310000 - 0x00007ffbc93ae000 	C:\Windows\System32\msvcp_win.dll
0x00007ffbc90c0000 - 0x00007ffbc91ba000 	C:\Windows\System32\ucrtbase.dll
0x00007ffbb10f0000 - 0x00007ffbb1374000 	C:\Windows\WinSxS\amd64_microsoft.windows.common-controls_6595b64144ccf1df_6.0.18362.1016_none_9e7a36bbe461dae4\COMCTL32.dll
0x00007ffbc9690000 - 0x00007ffbc99c5000 	C:\Windows\System32\combase.dll
0x00007ffbc8f90000 - 0x00007ffbc9010000 	C:\Windows\System32\bcryptPrimitives.dll
0x00007ffbcac30000 - 0x00007ffbcac5e000 	C:\Windows\System32\IMM32.DLL
0x0000000055ab0000 - 0x0000000055b82000 	C:\Program Files\Android\Android Studio\jre\jre\bin\msvcr100.dll
0x0000000055c70000 - 0x00000000564bb000 	C:\Program Files\Android\Android Studio\jre\jre\bin\server\jvm.dll
0x00007ffbcaf90000 - 0x00007ffbcaf98000 	C:\Windows\System32\PSAPI.DLL
0x00007ffba8640000 - 0x00007ffba8649000 	C:\Windows\SYSTEM32\WSOCK32.dll
0x00007ffbcaf20000 - 0x00007ffbcaf8f000 	C:\Windows\System32\WS2_32.dll
0x00007ffbc5c70000 - 0x00007ffbc5c94000 	C:\Windows\SYSTEM32\WINMM.dll
0x00007ffbc2a50000 - 0x00007ffbc2a5a000 	C:\Windows\SYSTEM32\VERSION.dll
0x00007ffbc5c30000 - 0x00007ffbc5c5d000 	C:\Windows\SYSTEM32\winmmbase.dll
0x00007ffbc85f0000 - 0x00007ffbc863a000 	C:\Windows\System32\cfgmgr32.dll
0x00007ffbc4630000 - 0x00007ffbc463f000 	C:\Program Files\Android\Android Studio\jre\jre\bin\verify.dll
0x00007ffbbc0a0000 - 0x00007ffbbc0c9000 	C:\Program Files\Android\Android Studio\jre\jre\bin\java.dll
0x00007ffbc45e0000 - 0x00007ffbc45f6000 	C:\Program Files\Android\Android Studio\jre\jre\bin\zip.dll
0x00007ffbca2e0000 - 0x00007ffbca9c7000 	C:\Windows\System32\SHELL32.dll
0x00007ffbc93b0000 - 0x00007ffbc9459000 	C:\Windows\System32\shcore.dll
0x00007ffbc8800000 - 0x00007ffbc8f82000 	C:\Windows\System32\windows.storage.dll
0x00007ffbc8210000 - 0x00007ffbc8233000 	C:\Windows\System32\profapi.dll
0x00007ffbc81c0000 - 0x00007ffbc820a000 	C:\Windows\System32\powrprof.dll
0x00007ffbc81b0000 - 0x00007ffbc81c0000 	C:\Windows\System32\UMPDC.dll
0x00007ffbc9e70000 - 0x00007ffbc9ec2000 	C:\Windows\System32\shlwapi.dll
0x00007ffbc8260000 - 0x00007ffbc8271000 	C:\Windows\System32\kernel.appcore.dll
0x00007ffbc87e0000 - 0x00007ffbc87f7000 	C:\Windows\System32\cryptsp.dll
0x00007ffbbc080000 - 0x00007ffbbc09a000 	C:\Program Files\Android\Android Studio\jre\jre\bin\net.dll
0x00007ffbc7960000 - 0x00007ffbc79c7000 	C:\Windows\system32\mswsock.dll
0x00007ffbaeb70000 - 0x00007ffbaeb83000 	C:\Program Files\Android\Android Studio\jre\jre\bin\nio.dll
0x00007ffbbc1b0000 - 0x00007ffbbc1d6000 	C:\Users\Kimdaewook\Android_AVD_Gradle\.gradle\native\31\windows-amd64\native-platform.dll
0x00007ffbc4620000 - 0x00007ffbc462d000 	C:\Program Files\Android\Android Studio\jre\jre\bin\management.dll
0x00007ffbc74e0000 - 0x00007ffbc7513000 	C:\Windows\system32\rsaenh.dll
0x00007ffbc8590000 - 0x00007ffbc85b6000 	C:\Windows\System32\bcrypt.dll
0x00007ffbc80d0000 - 0x00007ffbc80f5000 	C:\Windows\SYSTEM32\USERENV.dll
0x00007ffbc7ae0000 - 0x00007ffbc7aec000 	C:\Windows\SYSTEM32\CRYPTBASE.dll
0x00007ffbc7680000 - 0x00007ffbc76ba000 	C:\Windows\SYSTEM32\IPHLPAPI.DLL
0x00007ffbcaea0000 - 0x00007ffbcaea8000 	C:\Windows\System32\NSI.dll
0x00007ffbbfca0000 - 0x00007ffbbfcb6000 	C:\Windows\SYSTEM32\dhcpcsvc6.DLL
0x00007ffbbfcf0000 - 0x00007ffbbfd0c000 	C:\Windows\SYSTEM32\dhcpcsvc.DLL
0x00007ffbc76c0000 - 0x00007ffbc778b000 	C:\Windows\SYSTEM32\DNSAPI.dll

VM Arguments:
jvm_args: -Xmx2048m -Dfile.encoding=x-windows-949 -Duser.country=KR -Duser.language=ko -Duser.variant 
java_command: org.gradle.launcher.daemon.bootstrap.GradleDaemon 6.1.1
java_class_path (initial): C:\Users\Kimdaewook\Android_AVD_Gradle\.gradle\wrapper\dists\gradle-6.1.1-all\cfmwm155h49vnt3hynmlrsdst\gradle-6.1.1\lib\gradle-launcher-6.1.1.jar
Launcher Type: SUN_STANDARD

Environment Variables:
JAVA_HOME=C:\Program Files\Java\jdk-13
PATH=C:\Windows\system32;C:\Windows;C:\Windows\System32\Wbem;C:\Windows\System32\WindowsPowerShell\v1.0\;C:\Windows\System32\OpenSSH\;C:\Program Files\Java\jdk-13\bin;C:\Program Files\Intel\WiFi\bin\;C:\Program Files\Common Files\Intel\WirelessCommon\;C:\Python38\Scripts\;C:\Python38\;C:\Users\Kimdaewook\AppData\Local\Microsoft\WindowsApps;C:\Users\Kimdaewook\AppData\Local\Programs\Microsoft VS Code\bin;C:\Users\Kimdaewook\AppData\Local\atom\bin
USERNAME=Kimdaewook
OS=Windows_NT
PROCESSOR_IDENTIFIER=Intel64 Family 6 Model 142 Stepping 11, GenuineIntel



---------------  S Y S T E M  ---------------

OS: Windows 10.0 , 64 bit Build 18362 (10.0.18362.959)

CPU:total 8 (initial active 8) (4 cores per cpu, 2 threads per core) family 6 model 142 stepping 11, cmov, cx8, fxsr, mmx, sse, sse2, sse3, ssse3, sse4.1, sse4.2, popcnt, avx, avx2, aes, clmul, erms, 3dnowpref, lzcnt, ht, tsc, tscinvbit, bmi1, bmi2, adx

Memory: 4k page, physical 8236740k(271224k free), swap 8236740k(10244k free)

vm_info: OpenJDK 64-Bit Server VM (25.242-b01) for windows-amd64 JRE (1.8.0_242-release-1644-b01), built by "builder" with MS VC++ 10.0 (VS2010)

time: Wed Aug 26 23:50:13 2020
timezone: 대한민국 표준시
elapsed time: 3 seconds (0d 0h 0m 3s)

