#
# There is insufficient memory for the Java Runtime Environment to continue.
# Native memory allocation (malloc) failed to allocate 65552 bytes for Chunk::new
# Possible reasons:
#   The system is out of physical RAM or swap space
#   The process is running with CompressedOops enabled, and the Java Heap may be blocking the growth of the native heap
# Possible solutions:
#   Reduce memory load on the system
#   Increase physical memory or swap space
#   Check if swap backing store is full
#   Decrease Java heap size (-Xmx/-Xms)
#   Decrease number of Java threads
#   Decrease Java thread stack sizes (-Xss)
#   Set larger code cache with -XX:ReservedCodeCacheSize=
#   JVM is running with Unscaled Compressed Oops mode in which the Java heap is
#     placed in the first 4GB address space. The Java Heap base address is the
#     maximum limit for the native heap growth. Please use -XX:HeapBaseMinAddress
#     to set the Java Heap base and to place the Java Heap above 4GB virtual address.
# This output file may be truncated or incomplete.
#
#  Out of Memory Error (allocation.cpp:389), pid=7084, tid=0x0000000000003724
#
# JRE version: OpenJDK Runtime Environment (8.0_242-b01) (build 1.8.0_242-release-1644-b01)
# Java VM: OpenJDK 64-Bit Server VM (25.242-b01 mixed mode windows-amd64 compressed oops)
# Failed to write core dump. Minidumps are not enabled by default on client versions of Windows
#

---------------  T H R E A D  ---------------

Current thread (0x0000000019e15000):  JavaThread "C2 CompilerThread2" daemon [_thread_in_native, id=14116, stack(0x000000001a780000,0x000000001a880000)]

Stack: [0x000000001a780000,0x000000001a880000]
[error occurred during error reporting (printing stack bounds), id 0xc0000005]

Native frames: (J=compiled Java code, j=interpreted, Vv=VM code, C=native code)


Current CompileTask:
C2:  10479 5195 %     4       org.gradle.internal.instantiation.generator.AbstractClassGenerator::inspectType @ 77 (559 bytes)


---------------  P R O C E S S  ---------------

Java Threads: ( => current thread )
  0x000000001ce8a000 JavaThread "Cache worker for file content cache (C:\Users\Kimdaewook\AndroidStudioProjects\Calculator\.gradle\6.1.1\fileContent)" [_thread_blocked, id=16132, stack(0x00000000258b0000,0x00000000259b0000)]
  0x000000001ce85800 JavaThread "Cache worker for file content cache (C:\Users\Kimdaewook\Android_AVD_Gradle\.gradle\caches\6.1.1\fileContent)" [_thread_blocked, id=14384, stack(0x00000000257b0000,0x00000000258b0000)]
  0x000000001ce89800 JavaThread "Memory manager" [_thread_blocked, id=8244, stack(0x0000000025480000,0x0000000025580000)]
  0x000000001ce85000 JavaThread "Cache worker for Build Output Cleanup Cache (C:\Users\Kimdaewook\AndroidStudioProjects\Calculator\.gradle\buildOutputCleanup)" [_thread_blocked, id=16892, stack(0x0000000022230000,0x0000000022330000)]
  0x000000001d035800 JavaThread "Build operations Thread 8" [_thread_blocked, id=2568, stack(0x0000000024980000,0x0000000024a80000)]
  0x000000001d037800 JavaThread "Build operations Thread 7" [_thread_blocked, id=16632, stack(0x0000000024880000,0x0000000024980000)]
  0x000000001d034000 JavaThread "Build operations Thread 6" [_thread_blocked, id=15592, stack(0x0000000024780000,0x0000000024880000)]
  0x000000001d033000 JavaThread "Build operations Thread 5" [_thread_blocked, id=6160, stack(0x0000000024680000,0x0000000024780000)]
  0x000000001d038800 JavaThread "Build operations Thread 4" [_thread_blocked, id=3188, stack(0x0000000024580000,0x0000000024680000)]
  0x000000001d039000 JavaThread "Build operations Thread 3" [_thread_blocked, id=12652, stack(0x0000000024480000,0x0000000024580000)]
  0x000000001d034800 JavaThread "Build operations Thread 2" [_thread_blocked, id=1028, stack(0x0000000024380000,0x0000000024480000)]
  0x000000001d037000 JavaThread "Build operations" [_thread_blocked, id=16704, stack(0x0000000024280000,0x0000000024380000)]
  0x000000001c8fc000 JavaThread "Cache worker for execution history cache (C:\Users\Kimdaewook\Android_AVD_Gradle\.gradle\caches\6.1.1\executionHistory)" [_thread_blocked, id=7276, stack(0x0000000020e00000,0x0000000020f00000)]
  0x000000001c8fa800 JavaThread "Cache worker for cache directory md-rule (C:\Users\Kimdaewook\Android_AVD_Gradle\.gradle\caches\6.1.1\md-rule)" [_thread_blocked, id=16504, stack(0x0000000020d00000,0x0000000020e00000)]
  0x000000001c8f9000 JavaThread "Cache worker for cache directory md-supplier (C:\Users\Kimdaewook\Android_AVD_Gradle\.gradle\caches\6.1.1\md-supplier)" [_thread_blocked, id=14988, stack(0x0000000020c00000,0x0000000020d00000)]
  0x000000001c8fb800 JavaThread "Cache worker for file hash cache (C:\Users\Kimdaewook\AndroidStudioProjects\Calculator\.gradle\6.1.1\fileHashes)" [_thread_blocked, id=7308, stack(0x0000000022130000,0x0000000022230000)]
  0x000000001c8f8800 JavaThread "Cache worker for checksums cache (C:\Users\Kimdaewook\AndroidStudioProjects\Calculator\.gradle\checksums)" [_thread_blocked, id=16816, stack(0x000000001f6d0000,0x000000001f7d0000)]
  0x000000001c8fa000 JavaThread "Cache worker for file hash cache (C:\Users\Kimdaewook\Android_AVD_Gradle\.gradle\caches\6.1.1\fileHashes)" [_thread_blocked, id=16268, stack(0x000000001e600000,0x000000001e700000)]
  0x000000001c8fd800 JavaThread "File lock request listener" [_thread_in_native, id=8736, stack(0x000000001e500000,0x000000001e600000)]
  0x000000001c851000 JavaThread "Cache worker for journal cache (C:\Users\Kimdaewook\Android_AVD_Gradle\.gradle\caches\journal-1)" [_thread_blocked, id=15236, stack(0x000000001e400000,0x000000001e500000)]
  0x000000001ae80000 JavaThread "Thread-9" [_thread_blocked, id=6488, stack(0x000000001e100000,0x000000001e200000)]
  0x000000001ae7c000 JavaThread "Stdin handler" [_thread_blocked, id=15532, stack(0x000000001e000000,0x000000001e100000)]
  0x000000001ae18800 JavaThread "Asynchronous log dispatcher for DefaultDaemonConnection: socket connection from /127.0.0.1:10961 to /127.0.0.1:10964" [_thread_blocked, id=15580, stack(0x000000001df00000,0x000000001e000000)]
  0x000000001c76a000 JavaThread "Daemon worker" [_thread_in_native, id=11708, stack(0x000000001de00000,0x000000001df00000)]
  0x000000001c769000 JavaThread "Cancel handler" [_thread_blocked, id=15448, stack(0x000000001dd00000,0x000000001de00000)]
  0x000000001ac9f800 JavaThread "Handler for socket connection from /127.0.0.1:10961 to /127.0.0.1:10964" [_thread_in_native, id=14196, stack(0x000000001da00000,0x000000001db00000)]
  0x000000001bfeb000 JavaThread "Daemon" [_thread_blocked, id=8024, stack(0x000000001d900000,0x000000001da00000)]
  0x000000001c7b9800 JavaThread "Daemon periodic checks" [_thread_blocked, id=17128, stack(0x000000001d800000,0x000000001d900000)]
  0x000000001c710800 JavaThread "Incoming local TCP Connector on port 10961" [_thread_in_native, id=14348, stack(0x000000001d620000,0x000000001d720000)]
  0x000000001c642800 JavaThread "Daemon health stats" [_thread_blocked, id=2084, stack(0x000000001d520000,0x000000001d620000)]
  0x0000000019e52000 JavaThread "Service Thread" daemon [_thread_blocked, id=8480, stack(0x000000001a980000,0x000000001aa80000)]
  0x0000000019e1c800 JavaThread "C1 CompilerThread3" daemon [_thread_blocked, id=13852, stack(0x000000001a880000,0x000000001a980000)]
=>0x0000000019e15000 JavaThread "C2 CompilerThread2" daemon [_thread_in_native, id=14116, stack(0x000000001a780000,0x000000001a880000)]
  0x0000000019dbc000 JavaThread "C2 CompilerThread1" daemon [_thread_blocked, id=14480, stack(0x000000001a680000,0x000000001a780000)]
  0x0000000019db8000 JavaThread "C2 CompilerThread0" daemon [_thread_in_native, id=17304, stack(0x000000001a580000,0x000000001a680000)]
  0x0000000019db7000 JavaThread "Attach Listener" daemon [_thread_blocked, id=12508, stack(0x000000001a480000,0x000000001a580000)]
  0x0000000019e10000 JavaThread "Signal Dispatcher" daemon [_thread_blocked, id=15272, stack(0x000000001a380000,0x000000001a480000)]
  0x0000000017fb2800 JavaThread "Finalizer" daemon [_thread_blocked, id=14340, stack(0x000000001a280000,0x000000001a380000)]
  0x0000000017fab800 JavaThread "Reference Handler" daemon [_thread_blocked, id=7980, stack(0x000000001a180000,0x000000001a280000)]
  0x0000000002d3e000 JavaThread "main" [_thread_blocked, id=14592, stack(0x0000000002d40000,0x0000000002e40000)]

Other Threads:
  0x0000000017fa8000 VMThread [stack: 0x0000000019c80000,0x0000000019d80000] [id=10452]
  0x0000000019e53000 WatcherThread [stack: 0x000000001aa80000,0x000000001ab80000] [id=12688]

VM state:not at safepoint (normal execution)

VM Mutex/Monitor currently owned by a thread: None

heap address: 0x0000000080000000, size: 2048 MB, Compressed Oops mode: 32-bit
Narrow klass base: 0x0000000000000000, Narrow klass shift: 3
Compressed class space size: 1073741824 Address: 0x0000000100000000

Heap:
 PSYoungGen      total 177664K, used 12443K [0x00000000d5580000, 0x00000000e4580000, 0x0000000100000000)
  eden space 162304K, 7% used [0x00000000d5580000,0x00000000d61a6df0,0x00000000df400000)
  from space 15360K, 0% used [0x00000000df400000,0x00000000df400000,0x00000000e0300000)
  to   space 20480K, 0% used [0x00000000e3180000,0x00000000e3180000,0x00000000e4580000)
 ParOldGen       total 125440K, used 36016K [0x0000000080000000, 0x0000000087a80000, 0x00000000d5580000)
  object space 125440K, 28% used [0x0000000080000000,0x000000008232c220,0x0000000087a80000)
 Metaspace       used 57273K, capacity 59378K, committed 59608K, reserved 1099776K
  class space    used 7890K, capacity 8352K, committed 8448K, reserved 1048576K

Card table byte_map: [0x0000000012300000,0x0000000012710000] byte_map_base: 0x0000000011f00000

Marking Bits: (ParMarkBitMap*) 0x000000005643f030
 Begin Bits: [0x00000000131c0000, 0x00000000151c0000)
 End Bits:   [0x00000000151c0000, 0x00000000171c0000)

Polling page: 0x0000000001050000

CodeCache: size=245760Kb used=16754Kb max_used=16770Kb free=229005Kb
 bounds [0x0000000002f40000, 0x0000000003fc0000, 0x0000000011f40000]
 total_blobs=5610 nmethods=4828 adapters=694
 compilation: enabled

Compilation events (10 events):
Event: 10.472 Thread 0x0000000019e1c800 nmethod 5218 0x0000000003fa0410 code [0x0000000003fa0580, 0x0000000003fa0788]
Event: 10.472 Thread 0x0000000019e1c800 5219   !   3       org.gradle.configuration.internal.DefaultUserCodeApplicationContext::reapply (47 bytes)
Event: 10.473 Thread 0x0000000019e1c800 nmethod 5219 0x0000000003f9f9d0 code [0x0000000003f9fb80, 0x0000000003fa01e8]
Event: 10.473 Thread 0x0000000019e1c800 5220       3       java.util.ArrayList::addAll (54 bytes)
Event: 10.474 Thread 0x0000000019e1c800 nmethod 5220 0x0000000003fa3850 code [0x0000000003fa3a00, 0x0000000003fa40e8]
Event: 10.474 Thread 0x0000000019dbc000 nmethod 5199 0x0000000003fa5e90 code [0x0000000003fa6020, 0x0000000003fa63f8]
Event: 10.474 Thread 0x0000000019dbc000 5207       4       org.gradle.internal.reflect.PropertyAccessorType::takesSingleParameter (14 bytes)
Event: 10.475 Thread 0x0000000019dbc000 nmethod 5207 0x0000000003f9f750 code [0x0000000003f9f880, 0x0000000003f9f8f8]
Event: 10.476 Thread 0x0000000019dbc000 5221       4       org.objectweb.asm.Type::getTypeInternal (199 bytes)
Event: 10.476 Thread 0x0000000019e1c800 5222       3       java.lang.invoke.LambdaForm$MH/809200441::linkToTargetMethod (11 bytes)

GC Heap History (10 events):
Event: 5.871 GC heap before
{Heap before GC invocations=10 (full 1):
 PSYoungGen      total 122880K, used 120636K [0x00000000d5580000, 0x00000000de680000, 0x0000000100000000)
  eden space 114688K, 98% used [0x00000000d5580000,0x00000000dc376e48,0x00000000dc580000)
  from space 8192K, 98% used [0x00000000dde80000,0x00000000de6581d8,0x00000000de680000)
  to   space 11264K, 0% used [0x00000000dd080000,0x00000000dd080000,0x00000000ddb80000)
 ParOldGen       total 51200K, used 7446K [0x0000000080000000, 0x0000000083200000, 0x00000000d5580000)
  object space 51200K, 14% used [0x0000000080000000,0x0000000080745908,0x0000000083200000)
 Metaspace       used 34483K, capacity 35394K, committed 35416K, reserved 1079296K
  class space    used 4730K, capacity 4972K, committed 4992K, reserved 1048576K
Event: 5.903 GC heap after
Heap after GC invocations=10 (full 1):
 PSYoungGen      total 137216K, used 11257K [0x00000000d5580000, 0x00000000e1200000, 0x0000000100000000)
  eden space 125952K, 0% used [0x00000000d5580000,0x00000000d5580000,0x00000000dd080000)
  from space 11264K, 99% used [0x00000000dd080000,0x00000000ddb7e400,0x00000000ddb80000)
  to   space 12800K, 0% used [0x00000000e0580000,0x00000000e0580000,0x00000000e1200000)
 ParOldGen       total 51200K, used 7720K [0x0000000080000000, 0x0000000083200000, 0x00000000d5580000)
  object space 51200K, 15% used [0x0000000080000000,0x000000008078a390,0x0000000083200000)
 Metaspace       used 34483K, capacity 35394K, committed 35416K, reserved 1079296K
  class space    used 4730K, capacity 4972K, committed 4992K, reserved 1048576K
}
Event: 5.903 GC heap before
{Heap before GC invocations=11 (full 2):
 PSYoungGen      total 137216K, used 11257K [0x00000000d5580000, 0x00000000e1200000, 0x0000000100000000)
  eden space 125952K, 0% used [0x00000000d5580000,0x00000000d5580000,0x00000000dd080000)
  from space 11264K, 99% used [0x00000000dd080000,0x00000000ddb7e400,0x00000000ddb80000)
  to   space 12800K, 0% used [0x00000000e0580000,0x00000000e0580000,0x00000000e1200000)
 ParOldGen       total 51200K, used 7720K [0x0000000080000000, 0x0000000083200000, 0x00000000d5580000)
  object space 51200K, 15% used [0x0000000080000000,0x000000008078a390,0x0000000083200000)
 Metaspace       used 34483K, capacity 35394K, committed 35416K, reserved 1079296K
  class space    used 4730K, capacity 4972K, committed 4992K, reserved 1048576K
Event: 6.004 GC heap after
Heap after GC invocations=11 (full 2):
 PSYoungGen      total 137216K, used 0K [0x00000000d5580000, 0x00000000e1200000, 0x0000000100000000)
  eden space 125952K, 0% used [0x00000000d5580000,0x00000000d5580000,0x00000000dd080000)
  from space 11264K, 0% used [0x00000000dd080000,0x00000000dd080000,0x00000000ddb80000)
  to   space 12800K, 0% used [0x00000000e0580000,0x00000000e0580000,0x00000000e1200000)
 ParOldGen       total 81408K, used 18185K [0x0000000080000000, 0x0000000084f80000, 0x00000000d5580000)
  object space 81408K, 22% used [0x0000000080000000,0x00000000811c27d0,0x0000000084f80000)
 Metaspace       used 34483K, capacity 35394K, committed 35416K, reserved 1079296K
  class space    used 4730K, capacity 4972K, committed 4992K, reserved 1048576K
}
Event: 7.992 GC heap before
{Heap before GC invocations=12 (full 2):
 PSYoungGen      total 137216K, used 125952K [0x00000000d5580000, 0x00000000e1200000, 0x0000000100000000)
  eden space 125952K, 100% used [0x00000000d5580000,0x00000000dd080000,0x00000000dd080000)
  from space 11264K, 0% used [0x00000000dd080000,0x00000000dd080000,0x00000000ddb80000)
  to   space 12800K, 0% used [0x00000000e0580000,0x00000000e0580000,0x00000000e1200000)
 ParOldGen       total 81408K, used 18185K [0x0000000080000000, 0x0000000084f80000, 0x00000000d5580000)
  object space 81408K, 22% used [0x0000000080000000,0x00000000811c27d0,0x0000000084f80000)
 Metaspace       used 44968K, capacity 46448K, committed 46680K, reserved 1089536K
  class space    used 6091K, capacity 6456K, committed 6528K, reserved 1048576K
Event: 8.012 GC heap after
Heap after GC invocations=12 (full 2):
 PSYoungGen      total 174080K, used 12777K [0x00000000d5580000, 0x00000000e1200000, 0x0000000100000000)
  eden space 161280K, 0% used [0x00000000d5580000,0x00000000d5580000,0x00000000df300000)
  from space 12800K, 99% used [0x00000000e0580000,0x00000000e11fa730,0x00000000e1200000)
  to   space 15360K, 0% used [0x00000000df400000,0x00000000df400000,0x00000000e0300000)
 ParOldGen       total 81408K, used 20485K [0x0000000080000000, 0x0000000084f80000, 0x00000000d5580000)
  object space 81408K, 25% used [0x0000000080000000,0x00000000814015f0,0x0000000084f80000)
 Metaspace       used 44968K, capacity 46448K, committed 46680K, reserved 1089536K
  class space    used 6091K, capacity 6456K, committed 6528K, reserved 1048576K
}
Event: 9.931 GC heap before
{Heap before GC invocations=13 (full 2):
 PSYoungGen      total 174080K, used 150326K [0x00000000d5580000, 0x00000000e1200000, 0x0000000100000000)
  eden space 161280K, 85% used [0x00000000d5580000,0x00000000ddbd3288,0x00000000df300000)
  from space 12800K, 99% used [0x00000000e0580000,0x00000000e11fa730,0x00000000e1200000)
  to   space 15360K, 0% used [0x00000000df400000,0x00000000df400000,0x00000000e0300000)
 ParOldGen       total 81408K, used 20485K [0x0000000080000000, 0x0000000084f80000, 0x00000000d5580000)
  object space 81408K, 25% used [0x0000000080000000,0x00000000814015f0,0x0000000084f80000)
 Metaspace       used 56853K, capacity 58864K, committed 58968K, reserved 1099776K
  class space    used 7797K, capacity 8279K, committed 8320K, reserved 1048576K
Event: 9.968 GC heap after
Heap after GC invocations=13 (full 2):
 PSYoungGen      total 177664K, used 15328K [0x00000000d5580000, 0x00000000e4580000, 0x0000000100000000)
  eden space 162304K, 0% used [0x00000000d5580000,0x00000000d5580000,0x00000000df400000)
  from space 15360K, 99% used [0x00000000df400000,0x00000000e02f8080,0x00000000e0300000)
  to   space 20480K, 0% used [0x00000000e3180000,0x00000000e3180000,0x00000000e4580000)
 ParOldGen       total 81408K, used 29256K [0x0000000080000000, 0x0000000084f80000, 0x00000000d5580000)
  object space 81408K, 35% used [0x0000000080000000,0x0000000081c921f8,0x0000000084f80000)
 Metaspace       used 56853K, capacity 58864K, committed 58968K, reserved 1099776K
  class space    used 7797K, capacity 8279K, committed 8320K, reserved 1048576K
}
Event: 9.969 GC heap before
{Heap before GC invocations=14 (full 3):
 PSYoungGen      total 177664K, used 15328K [0x00000000d5580000, 0x00000000e4580000, 0x0000000100000000)
  eden space 162304K, 0% used [0x00000000d5580000,0x00000000d5580000,0x00000000df400000)
  from space 15360K, 99% used [0x00000000df400000,0x00000000e02f8080,0x00000000e0300000)
  to   space 20480K, 0% used [0x00000000e3180000,0x00000000e3180000,0x00000000e4580000)
 ParOldGen       total 81408K, used 29256K [0x0000000080000000, 0x0000000084f80000, 0x00000000d5580000)
  object space 81408K, 35% used [0x0000000080000000,0x0000000081c921f8,0x0000000084f80000)
 Metaspace       used 56853K, capacity 58864K, committed 58968K, reserved 1099776K
  class space    used 7797K, capacity 8279K, committed 8320K, reserved 1048576K
Event: 10.283 GC heap after
Heap after GC invocations=14 (full 3):
 PSYoungGen      total 177664K, used 0K [0x00000000d5580000, 0x00000000e4580000, 0x0000000100000000)
  eden space 162304K, 0% used [0x00000000d5580000,0x00000000d5580000,0x00000000df400000)
  from space 15360K, 0% used [0x00000000df400000,0x00000000df400000,0x00000000e0300000)
  to   space 20480K, 0% used [0x00000000e3180000,0x00000000e3180000,0x00000000e4580000)
 ParOldGen       total 125440K, used 36016K [0x0000000080000000, 0x0000000087a80000, 0x00000000d5580000)
  object space 125440K, 28% used [0x0000000080000000,0x000000008232c220,0x0000000087a80000)
 Metaspace       used 56839K, capacity 58816K, committed 58968K, reserved 1099776K
  class space    used 7793K, capacity 8271K, committed 8320K, reserved 1048576K
}

Deoptimization events (10 events):
Event: 9.620 Thread 0x000000001c76a000 Uncommon trap: reason=bimorphic action=maybe_recompile pc=0x0000000003e28104 method=java.util.regex.Pattern$5.isSatisfiedBy(I)Z @ 16
Event: 9.620 Thread 0x000000001c76a000 Uncommon trap: reason=bimorphic action=maybe_recompile pc=0x0000000003e28104 method=java.util.regex.Pattern$5.isSatisfiedBy(I)Z @ 16
Event: 9.620 Thread 0x000000001c76a000 Uncommon trap: reason=bimorphic action=maybe_recompile pc=0x0000000003e28104 method=java.util.regex.Pattern$5.isSatisfiedBy(I)Z @ 16
Event: 9.907 Thread 0x000000001c76a000 Uncommon trap: reason=unstable_if action=reinterpret pc=0x0000000003515de8 method=java.util.regex.Pattern$BmpCharProperty.match(Ljava/util/regex/Matcher;ILjava/lang/CharSequence;)Z @ 34
Event: 9.914 Thread 0x000000001c76a000 Uncommon trap: reason=unstable_if action=reinterpret pc=0x0000000003c9d300 method=com.sun.org.apache.xerces.internal.impl.XMLEntityScanner.skipSpaces()Z @ 14
Event: 9.915 Thread 0x000000001c76a000 Uncommon trap: reason=unstable_if action=reinterpret pc=0x0000000003c9ff68 method=com.sun.org.apache.xerces.internal.impl.XMLEntityScanner.scanLiteral(ILcom/sun/org/apache/xerces/internal/xni/XMLString;Z)I @ 660
Event: 9.929 Thread 0x000000001c76a000 Uncommon trap: reason=unstable_if action=reinterpret pc=0x0000000003ca0b80 method=com.sun.org.apache.xerces.internal.util.SymbolTable.addSymbol([CII)Ljava/lang/String; @ 38
Event: 10.348 Thread 0x000000001c76a000 Uncommon trap: reason=unstable_if action=reinterpret pc=0x000000000364bc18 method=com.google.gson.stream.JsonReader.doPeek()I @ 315
Event: 10.403 Thread 0x000000001c76a000 Uncommon trap: reason=predicate action=maybe_recompile pc=0x0000000003f795b8 method=java.util.AbstractCollection.toArray([Ljava/lang/Object;)[Ljava/lang/Object; @ 49
Event: 10.438 Thread 0x000000001c76a000 Uncommon trap: reason=unstable_if action=reinterpret pc=0x00000000033241b4 method=java.lang.String.lastIndexOf([CII[CIII)I @ 118

Classes redefined (0 events):
No events

Internal exceptions (10 events):
Event: 8.838 Thread 0x000000001c76a000 Exception <a 'java/lang/ClassNotFoundException': org/gradle/api/plugins/internal/DefaultBasePluginConventionCustomizer> (0x00000000d94e0690) thrown at [C:\src\AOSP-openjdk-git\hotspot\src\share\vm\classfile\systemDictionary.cpp, line 210]
Event: 8.845 Thread 0x000000001c76a000 Exception <a 'java/lang/NoSuchMethodError': java.lang.Object.lambda$comparingInt$7b0bb60$1(Ljava/util/function/ToIntFunction;Ljava/lang/Object;Ljava/lang/Object;)I> (0x00000000d9551f18) thrown at [C:\src\AOSP-openjdk-git\hotspot\src\share\vm\interpreter\l
Event: 9.376 Thread 0x000000001c76a000 Exception <a 'java/lang/ClassNotFoundException': com/android/build/gradle/internal/api/ApkVariantOutputImpl_DecoratedBeanInfo> (0x00000000dac92f38) thrown at [C:\src\AOSP-openjdk-git\hotspot\src\share\vm\classfile\systemDictionary.cpp, line 210]
Event: 9.377 Thread 0x000000001c76a000 Exception <a 'java/lang/ClassNotFoundException': com/android/build/gradle/internal/api/ApkVariantOutputImplBeanInfo> (0x00000000dacaff88) thrown at [C:\src\AOSP-openjdk-git\hotspot\src\share\vm\classfile\systemDictionary.cpp, line 210]
Event: 9.377 Thread 0x000000001c76a000 Exception <a 'java/lang/ClassNotFoundException': com/android/build/gradle/internal/api/BaseVariantOutputImplBeanInfo> (0x00000000dacce3b0) thrown at [C:\src\AOSP-openjdk-git\hotspot\src\share\vm\classfile\systemDictionary.cpp, line 210]
Event: 9.378 Thread 0x000000001c76a000 Exception <a 'java/lang/ClassNotFoundException': com/android/build/gradle/internal/api/BaseVariantOutputImplCustomizer> (0x00000000dacecd80) thrown at [C:\src\AOSP-openjdk-git\hotspot\src\share\vm\classfile\systemDictionary.cpp, line 210]
Event: 9.379 Thread 0x000000001c76a000 Exception <a 'java/lang/ClassNotFoundException': com/android/build/gradle/internal/api/ApkVariantOutputImplCustomizer> (0x00000000dad25350) thrown at [C:\src\AOSP-openjdk-git\hotspot\src\share\vm\classfile\systemDictionary.cpp, line 210]
Event: 9.380 Thread 0x000000001c76a000 Exception <a 'java/lang/ClassNotFoundException': com/android/build/gradle/internal/api/ApkVariantOutputImpl_DecoratedCustomizer> (0x00000000dad58ec0) thrown at [C:\src\AOSP-openjdk-git\hotspot\src\share\vm\classfile\systemDictionary.cpp, line 210]
Event: 9.648 Thread 0x000000001c76a000 Exception <a 'java/lang/ClassNotFoundException': com/sun/org/glassfish/hk2/osgiresourcelocator/ServiceLoader> (0x00000000dc576548) thrown at [C:\src\AOSP-openjdk-git\hotspot\src\share\vm\classfile\systemDictionary.cpp, line 210]
Event: 9.700 Thread 0x000000001c76a000 Exception <a 'java/lang/NullPointerException'> (0x00000000dc9cfc88) thrown at [C:\src\AOSP-openjdk-git\hotspot\src\share\vm\interpreter\linkResolver.cpp, line 1287]

Events (10 events):
Event: 10.453 loading class com/android/build/gradle/internal/scope/SplitList
Event: 10.453 loading class com/android/build/gradle/internal/scope/SplitList done
Event: 10.454 loading class com/android/build/gradle/internal/res/LinkingTaskInputAaptOptions
Event: 10.454 loading class com/android/build/gradle/internal/res/LinkingTaskInputAaptOptions done
Event: 10.456 loading class org/gradle/api/tasks/incremental/IncrementalTaskInputs
Event: 10.456 loading class org/gradle/api/tasks/incremental/IncrementalTaskInputs done
Event: 10.468 loading class org/gradle/api/internal/project/taskfactory/IncrementalTaskInputsTaskAction
Event: 10.468 loading class org/gradle/api/internal/project/taskfactory/IncrementalTaskInputsTaskAction done
Event: 10.471 loading class com/android/build/gradle/internal/res/LinkApplicationAndroidResourcesTask$BaseCreationAction$configure$1
Event: 10.471 loading class com/android/build/gradle/internal/res/LinkApplicationAndroidResourcesTask$BaseCreationAction$configure$1 done


Dynamic libraries:
0x00007ff623230000 - 0x00007ff623261000 	C:\Program Files\Android\Android Studio\jre\bin\java.exe
0x00007ffbcb300000 - 0x00007ffbcb4f0000 	C:\Windows\SYSTEM32\ntdll.dll
0x00007ffbcafa0000 - 0x00007ffbcb052000 	C:\Windows\System32\KERNEL32.DLL
0x00007ffbc8280000 - 0x00007ffbc8524000 	C:\Windows\System32\KERNELBASE.dll
0x00007ffbca230000 - 0x00007ffbca2d3000 	C:\Windows\System32\ADVAPI32.dll
0x00007ffbcaa90000 - 0x00007ffbcab2e000 	C:\Windows\System32\msvcrt.dll
0x00007ffbcac60000 - 0x00007ffbcacf7000 	C:\Windows\System32\sechost.dll
0x00007ffbcb1a0000 - 0x00007ffbcb2c0000 	C:\Windows\System32\RPCRT4.dll
0x00007ffbcad00000 - 0x00007ffbcae95000 	C:\Windows\System32\USER32.dll
0x00007ffbc85c0000 - 0x00007ffbc85e1000 	C:\Windows\System32\win32u.dll
0x00007ffbc9e40000 - 0x00007ffbc9e66000 	C:\Windows\System32\GDI32.dll
0x00007ffbc8640000 - 0x00007ffbc87d6000 	C:\Windows\System32\gdi32full.dll
0x00007ffbc9310000 - 0x00007ffbc93ae000 	C:\Windows\System32\msvcp_win.dll
0x00007ffbc90c0000 - 0x00007ffbc91ba000 	C:\Windows\System32\ucrtbase.dll
0x00007ffbb10f0000 - 0x00007ffbb1374000 	C:\Windows\WinSxS\amd64_microsoft.windows.common-controls_6595b64144ccf1df_6.0.18362.1016_none_9e7a36bbe461dae4\COMCTL32.dll
0x00007ffbc9690000 - 0x00007ffbc99c5000 	C:\Windows\System32\combase.dll
0x00007ffbc8f90000 - 0x00007ffbc9010000 	C:\Windows\System32\bcryptPrimitives.dll
0x00007ffbcac30000 - 0x00007ffbcac5e000 	C:\Windows\System32\IMM32.DLL
0x0000000055ab0000 - 0x0000000055b82000 	C:\Program Files\Android\Android Studio\jre\jre\bin\msvcr100.dll
0x0000000055c70000 - 0x00000000564bb000 	C:\Program Files\Android\Android Studio\jre\jre\bin\server\jvm.dll
0x00007ffbcaf90000 - 0x00007ffbcaf98000 	C:\Windows\System32\PSAPI.DLL
0x00007ffbc2a50000 - 0x00007ffbc2a5a000 	C:\Windows\SYSTEM32\VERSION.dll
0x00007ffba8640000 - 0x00007ffba8649000 	C:\Windows\SYSTEM32\WSOCK32.dll
0x00007ffbc5c70000 - 0x00007ffbc5c94000 	C:\Windows\SYSTEM32\WINMM.dll
0x00007ffbcaf20000 - 0x00007ffbcaf8f000 	C:\Windows\System32\WS2_32.dll
0x00007ffbc5c30000 - 0x00007ffbc5c5d000 	C:\Windows\SYSTEM32\winmmbase.dll
0x00007ffbc85f0000 - 0x00007ffbc863a000 	C:\Windows\System32\cfgmgr32.dll
0x00007ffbc4630000 - 0x00007ffbc463f000 	C:\Program Files\Android\Android Studio\jre\jre\bin\verify.dll
0x00007ffbbc1b0000 - 0x00007ffbbc1d9000 	C:\Program Files\Android\Android Studio\jre\jre\bin\java.dll
0x00007ffbc45e0000 - 0x00007ffbc45f6000 	C:\Program Files\Android\Android Studio\jre\jre\bin\zip.dll
0x00007ffbca2e0000 - 0x00007ffbca9c7000 	C:\Windows\System32\SHELL32.dll
0x00007ffbc93b0000 - 0x00007ffbc9459000 	C:\Windows\System32\shcore.dll
0x00007ffbc8800000 - 0x00007ffbc8f82000 	C:\Windows\System32\windows.storage.dll
0x00007ffbc8210000 - 0x00007ffbc8233000 	C:\Windows\System32\profapi.dll
0x00007ffbc81c0000 - 0x00007ffbc820a000 	C:\Windows\System32\powrprof.dll
0x00007ffbc81b0000 - 0x00007ffbc81c0000 	C:\Windows\System32\UMPDC.dll
0x00007ffbc9e70000 - 0x00007ffbc9ec2000 	C:\Windows\System32\shlwapi.dll
0x00007ffbc8260000 - 0x00007ffbc8271000 	C:\Windows\System32\kernel.appcore.dll
0x00007ffbc87e0000 - 0x00007ffbc87f7000 	C:\Windows\System32\cryptsp.dll
0x00007ffbbc0d0000 - 0x00007ffbbc0ea000 	C:\Program Files\Android\Android Studio\jre\jre\bin\net.dll
0x00007ffbc7960000 - 0x00007ffbc79c7000 	C:\Windows\system32\mswsock.dll
0x00007ffbbc190000 - 0x00007ffbbc1a3000 	C:\Program Files\Android\Android Studio\jre\jre\bin\nio.dll
0x00007ffbbc040000 - 0x00007ffbbc066000 	C:\Users\Kimdaewook\Android_AVD_Gradle\.gradle\native\31\windows-amd64\native-platform.dll
0x00007ffbc4620000 - 0x00007ffbc462d000 	C:\Program Files\Android\Android Studio\jre\jre\bin\management.dll
0x00007ffbc74e0000 - 0x00007ffbc7513000 	C:\Windows\system32\rsaenh.dll
0x00007ffbc8590000 - 0x00007ffbc85b6000 	C:\Windows\System32\bcrypt.dll
0x00007ffbc80d0000 - 0x00007ffbc80f5000 	C:\Windows\SYSTEM32\USERENV.dll
0x00007ffbc7ae0000 - 0x00007ffbc7aec000 	C:\Windows\SYSTEM32\CRYPTBASE.dll
0x00007ffbc7680000 - 0x00007ffbc76ba000 	C:\Windows\SYSTEM32\IPHLPAPI.DLL
0x00007ffbcaea0000 - 0x00007ffbcaea8000 	C:\Windows\System32\NSI.dll
0x00007ffbbfca0000 - 0x00007ffbbfcb6000 	C:\Windows\SYSTEM32\dhcpcsvc6.DLL
0x00007ffbbfcf0000 - 0x00007ffbbfd0c000 	C:\Windows\SYSTEM32\dhcpcsvc.DLL
0x00007ffbc76c0000 - 0x00007ffbc778b000 	C:\Windows\SYSTEM32\DNSAPI.dll

VM Arguments:
jvm_args: -Xmx2048m -Dfile.encoding=x-windows-949 -Duser.country=KR -Duser.language=ko -Duser.variant 
java_command: org.gradle.launcher.daemon.bootstrap.GradleDaemon 6.1.1
java_class_path (initial): C:\Users\Kimdaewook\Android_AVD_Gradle\.gradle\wrapper\dists\gradle-6.1.1-all\cfmwm155h49vnt3hynmlrsdst\gradle-6.1.1\lib\gradle-launcher-6.1.1.jar
Launcher Type: SUN_STANDARD

Environment Variables:
JAVA_HOME=C:\Program Files\Java\jdk-13
PATH=C:\Windows\system32;C:\Windows;C:\Windows\System32\Wbem;C:\Windows\System32\WindowsPowerShell\v1.0\;C:\Windows\System32\OpenSSH\;C:\Program Files\Java\jdk-13\bin;C:\Program Files\Intel\WiFi\bin\;C:\Program Files\Common Files\Intel\WirelessCommon\;C:\Python38\Scripts\;C:\Python38\;C:\Users\Kimdaewook\AppData\Local\Microsoft\WindowsApps;C:\Users\Kimdaewook\AppData\Local\Programs\Microsoft VS Code\bin;C:\Users\Kimdaewook\AppData\Local\atom\bin
USERNAME=Kimdaewook
OS=Windows_NT
PROCESSOR_IDENTIFIER=Intel64 Family 6 Model 142 Stepping 11, GenuineIntel



---------------  S Y S T E M  ---------------

OS: Windows 10.0 , 64 bit Build 18362 (10.0.18362.959)

CPU:total 8 (initial active 8) (4 cores per cpu, 2 threads per core) family 6 model 142 stepping 11, cmov, cx8, fxsr, mmx, sse, sse2, sse3, ssse3, sse4.1, sse4.2, popcnt, avx, avx2, aes, clmul, erms, 3dnowpref, lzcnt, ht, tsc, tscinvbit, bmi1, bmi2, adx

Memory: 4k page, physical 8236740k(329744k free), swap 8236740k(4380k free)

vm_info: OpenJDK 64-Bit Server VM (25.242-b01) for windows-amd64 JRE (1.8.0_242-release-1644-b01), built by "builder" with MS VC++ 10.0 (VS2010)

time: Wed Aug 26 23:52:35 2020
timezone: 대한민국 표준시
elapsed time: 10 seconds (0d 0h 0m 10s)

