#
# There is insufficient memory for the Java Runtime Environment to continue.
# Native memory allocation (malloc) failed to allocate 1111696 bytes for Chunk::new
# Possible reasons:
#   The system is out of physical RAM or swap space
#   The process is running with CompressedOops enabled, and the Java Heap may be blocking the growth of the native heap
# Possible solutions:
#   Reduce memory load on the system
#   Increase physical memory or swap space
#   Check if swap backing store is full
#   Decrease Java heap size (-Xmx/-Xms)
#   Decrease number of Java threads
#   Decrease Java thread stack sizes (-Xss)
#   Set larger code cache with -XX:ReservedCodeCacheSize=
#   JVM is running with Unscaled Compressed Oops mode in which the Java heap is
#     placed in the first 4GB address space. The Java Heap base address is the
#     maximum limit for the native heap growth. Please use -XX:HeapBaseMinAddress
#     to set the Java Heap base and to place the Java Heap above 4GB virtual address.
# This output file may be truncated or incomplete.
#
#  Out of Memory Error (allocation.cpp:389), pid=12680, tid=0x0000000000000d40
#
# JRE version: OpenJDK Runtime Environment (8.0_242-b01) (build 1.8.0_242-release-1644-b01)
# Java VM: OpenJDK 64-Bit Server VM (25.242-b01 mixed mode windows-amd64 compressed oops)
# Failed to write core dump. Minidumps are not enabled by default on client versions of Windows
#

---------------  T H R E A D  ---------------

Current thread (0x000000001972a000):  JavaThread "C2 CompilerThread1" daemon [_thread_in_native, id=3392, stack(0x0000000019fe0000,0x000000001a0e0000)]

Stack: [0x0000000019fe0000,0x000000001a0e0000]
[error occurred during error reporting (printing stack bounds), id 0xc0000005]

Native frames: (J=compiled Java code, j=interpreted, Vv=VM code, C=native code)


Current CompileTask:
C2:   6088 2635       4       java.security.SecureClassLoader::defineClass (16 bytes)


---------------  P R O C E S S  ---------------

Java Threads: ( => current thread )
  0x000000001c266000 JavaThread "Cache worker for execution history cache (C:\Users\Kimdaewook\Android_AVD_Gradle\.gradle\caches\6.1.1\executionHistory)" [_thread_blocked, id=17300, stack(0x0000000020620000,0x0000000020720000)]
  0x000000001c26c000 JavaThread "Cache worker for cache directory md-rule (C:\Users\Kimdaewook\Android_AVD_Gradle\.gradle\caches\6.1.1\md-rule)" [_thread_blocked, id=9800, stack(0x0000000020520000,0x0000000020620000)]
  0x000000001c26a800 JavaThread "Cache worker for cache directory md-supplier (C:\Users\Kimdaewook\Android_AVD_Gradle\.gradle\caches\6.1.1\md-supplier)" [_thread_blocked, id=13596, stack(0x0000000020420000,0x0000000020520000)]
  0x000000001c268800 JavaThread "Cache worker for file hash cache (C:\Users\Kimdaewook\AndroidStudioProjects\Calculator\.gradle\6.1.1\fileHashes)" [_thread_blocked, id=10428, stack(0x0000000020a50000,0x0000000020b50000)]
  0x000000001c26d000 JavaThread "Cache worker for checksums cache (C:\Users\Kimdaewook\AndroidStudioProjects\Calculator\.gradle\checksums)" [_thread_blocked, id=5668, stack(0x0000000020950000,0x0000000020a50000)]
  0x000000001c267000 JavaThread "Cache worker for file hash cache (C:\Users\Kimdaewook\Android_AVD_Gradle\.gradle\caches\6.1.1\fileHashes)" [_thread_blocked, id=13324, stack(0x000000001df80000,0x000000001e080000)]
  0x000000001c26b800 JavaThread "File lock request listener" [_thread_in_native, id=11964, stack(0x000000001de80000,0x000000001df80000)]
  0x000000001c257800 JavaThread "Cache worker for journal cache (C:\Users\Kimdaewook\Android_AVD_Gradle\.gradle\caches\journal-1)" [_thread_blocked, id=3180, stack(0x000000001dd80000,0x000000001de80000)]
  0x000000001af9d000 JavaThread "Thread-9" [_thread_blocked, id=11972, stack(0x000000001da80000,0x000000001db80000)]
  0x000000001af9c000 JavaThread "Stdin handler" [_thread_blocked, id=784, stack(0x000000001d980000,0x000000001da80000)]
  0x000000001af9b000 JavaThread "Asynchronous log dispatcher for DefaultDaemonConnection: socket connection from /127.0.0.1:2100 to /127.0.0.1:2101" [_thread_blocked, id=1600, stack(0x000000001d880000,0x000000001d980000)]
  0x000000001c149000 JavaThread "Daemon worker" [_thread_in_Java, id=13560, stack(0x000000001d780000,0x000000001d880000)]
  0x000000001c148800 JavaThread "Cancel handler" [_thread_blocked, id=6820, stack(0x000000001d680000,0x000000001d780000)]
  0x000000001a5d3000 JavaThread "Handler for socket connection from /127.0.0.1:2100 to /127.0.0.1:2101" [_thread_in_native, id=15444, stack(0x000000001d380000,0x000000001d480000)]
  0x000000001a5d2000 JavaThread "Daemon" [_thread_blocked, id=11888, stack(0x000000001d280000,0x000000001d380000)]
  0x000000001a5c1800 JavaThread "Daemon periodic checks" [_thread_blocked, id=14304, stack(0x000000001d180000,0x000000001d280000)]
  0x000000001c0c8000 JavaThread "Incoming local TCP Connector on port 2100" [_thread_in_native, id=13764, stack(0x000000001cfa0000,0x000000001d0a0000)]
  0x00000000197e7000 JavaThread "Daemon health stats" [_thread_blocked, id=16624, stack(0x000000001ce80000,0x000000001cf80000)]
  0x000000001977e000 JavaThread "Service Thread" daemon [_thread_blocked, id=14516, stack(0x000000001a2e0000,0x000000001a3e0000)]
  0x0000000019737800 JavaThread "C1 CompilerThread3" daemon [_thread_in_native, id=15328, stack(0x000000001a1e0000,0x000000001a2e0000)]
  0x000000001972b800 JavaThread "C2 CompilerThread2" daemon [_thread_blocked, id=17024, stack(0x000000001a0e0000,0x000000001a1e0000)]
=>0x000000001972a000 JavaThread "C2 CompilerThread1" daemon [_thread_in_native, id=3392, stack(0x0000000019fe0000,0x000000001a0e0000)]
  0x0000000019688800 JavaThread "C2 CompilerThread0" daemon [_thread_in_native, id=10280, stack(0x0000000019ee0000,0x0000000019fe0000)]
  0x0000000019687000 JavaThread "Attach Listener" daemon [_thread_blocked, id=13376, stack(0x0000000019de0000,0x0000000019ee0000)]
  0x00000000196e0000 JavaThread "Signal Dispatcher" daemon [_thread_blocked, id=16556, stack(0x0000000019ce0000,0x0000000019de0000)]
  0x0000000019671800 JavaThread "Finalizer" daemon [_thread_blocked, id=11064, stack(0x0000000019b50000,0x0000000019c50000)]
  0x0000000019670800 JavaThread "Reference Handler" daemon [_thread_blocked, id=13776, stack(0x0000000019a50000,0x0000000019b50000)]
  0x00000000026de000 JavaThread "main" [_thread_blocked, id=14112, stack(0x0000000002590000,0x0000000002690000)]

Other Threads:
  0x0000000017878800 VMThread [stack: 0x0000000019550000,0x0000000019650000] [id=13532]
  0x000000001977e800 WatcherThread [stack: 0x000000001a3e0000,0x000000001a4e0000] [id=5644]

VM state:not at safepoint (normal execution)

VM Mutex/Monitor currently owned by a thread: None

heap address: 0x0000000080000000, size: 2048 MB, Compressed Oops mode: 32-bit
Narrow klass base: 0x0000000000000000, Narrow klass shift: 3
Compressed class space size: 1073741824 Address: 0x0000000100000000

Heap:
 PSYoungGen      total 137216K, used 9435K [0x00000000d5580000, 0x00000000e1380000, 0x0000000100000000)
  eden space 125952K, 7% used [0x00000000d5580000,0x00000000d5eb6d10,0x00000000dd080000)
  from space 11264K, 0% used [0x00000000dd080000,0x00000000dd080000,0x00000000ddb80000)
  to   space 12800K, 0% used [0x00000000e0700000,0x00000000e0700000,0x00000000e1380000)
 ParOldGen       total 52736K, used 18163K [0x0000000080000000, 0x0000000083380000, 0x00000000d5580000)
  object space 52736K, 34% used [0x0000000080000000,0x00000000811bcf10,0x0000000083380000)
 Metaspace       used 34692K, capacity 35594K, committed 35800K, reserved 1079296K
  class space    used 4761K, capacity 5008K, committed 5120K, reserved 1048576K

Card table byte_map: [0x0000000011ba0000,0x0000000011fb0000] byte_map_base: 0x00000000117a0000

Marking Bits: (ParMarkBitMap*) 0x000000005643f030
 Begin Bits: [0x0000000012a60000, 0x0000000014a60000)
 End Bits:   [0x0000000014a60000, 0x0000000016a60000)

Polling page: 0x0000000002690000

CodeCache: size=245760Kb used=10871Kb max_used=10871Kb free=234888Kb
 bounds [0x00000000027e0000, 0x0000000003290000, 0x00000000117e0000]
 total_blobs=3562 nmethods=2860 adapters=614
 compilation: enabled

Compilation events (10 events):
Event: 6.083 Thread 0x0000000019737800 2863       3       org.gradle.internal.component.model.AttributeConfigurationSelector::containsImplicitCapability (116 bytes)
Event: 6.083 Thread 0x0000000019737800 nmethod 2863 0x000000000327b010 code [0x000000000327b280, 0x000000000327c328]
Event: 6.083 Thread 0x0000000019737800 2865       3       org.gradle.internal.component.external.model.maven.MavenDependencyDescriptor::isOptional (16 bytes)
Event: 6.084 Thread 0x0000000019737800 nmethod 2865 0x0000000003275d90 code [0x0000000003275ee0, 0x0000000003276090]
Event: 6.084 Thread 0x0000000019737800 2864       3       org.gradle.internal.component.model.AttributeConfigurationSelector::fastContainsImplicitCapability (22 bytes)
Event: 6.084 Thread 0x0000000019737800 nmethod 2864 0x000000000327c850 code [0x000000000327c9c0, 0x000000000327cdc8]
Event: 6.084 Thread 0x0000000019737800 2866       1       org.gradle.internal.component.external.model.maven.MavenDependencyDescriptor::getScope (5 bytes)
Event: 6.084 Thread 0x0000000019737800 nmethod 2866 0x0000000003278dd0 code [0x0000000003278f20, 0x0000000003279030]
Event: 6.084 Thread 0x0000000019737800 2867       1       org.gradle.internal.component.external.descriptor.MavenScope::getLowerName (5 bytes)
Event: 6.084 Thread 0x0000000019737800 nmethod 2867 0x000000000327ced0 code [0x000000000327d020, 0x000000000327d130]

GC Heap History (10 events):
Event: 3.912 GC heap before
{Heap before GC invocations=7 (full 0):
 PSYoungGen      total 74752K, used 14013K [0x00000000d5580000, 0x00000000dab80000, 0x0000000100000000)
  eden space 64512K, 7% used [0x00000000d5580000,0x00000000d5a879e8,0x00000000d9480000)
  from space 10240K, 86% used [0x00000000d9f80000,0x00000000da827cc0,0x00000000da980000)
  to   space 11264K, 0% used [0x00000000d9480000,0x00000000d9480000,0x00000000d9f80000)
 ParOldGen       total 86016K, used 6911K [0x0000000080000000, 0x0000000085400000, 0x00000000d5580000)
  object space 86016K, 8% used [0x0000000080000000,0x00000000806bfd80,0x0000000085400000)
 Metaspace       used 20544K, capacity 21208K, committed 21248K, reserved 1067008K
  class space    used 2872K, capacity 3056K, committed 3072K, reserved 1048576K
Event: 3.917 GC heap after
Heap after GC invocations=7 (full 0):
 PSYoungGen      total 75776K, used 4186K [0x00000000d5580000, 0x00000000de980000, 0x0000000100000000)
  eden space 64512K, 0% used [0x00000000d5580000,0x00000000d5580000,0x00000000d9480000)
  from space 11264K, 37% used [0x00000000d9480000,0x00000000d98969d0,0x00000000d9f80000)
  to   space 11264K, 0% used [0x00000000dde80000,0x00000000dde80000,0x00000000de980000)
 ParOldGen       total 86016K, used 9384K [0x0000000080000000, 0x0000000085400000, 0x00000000d5580000)
  object space 86016K, 10% used [0x0000000080000000,0x000000008092a3d0,0x0000000085400000)
 Metaspace       used 20544K, capacity 21208K, committed 21248K, reserved 1067008K
  class space    used 2872K, capacity 3056K, committed 3072K, reserved 1048576K
}
Event: 3.917 GC heap before
{Heap before GC invocations=8 (full 1):
 PSYoungGen      total 75776K, used 4186K [0x00000000d5580000, 0x00000000de980000, 0x0000000100000000)
  eden space 64512K, 0% used [0x00000000d5580000,0x00000000d5580000,0x00000000d9480000)
  from space 11264K, 37% used [0x00000000d9480000,0x00000000d98969d0,0x00000000d9f80000)
  to   space 11264K, 0% used [0x00000000dde80000,0x00000000dde80000,0x00000000de980000)
 ParOldGen       total 86016K, used 9384K [0x0000000080000000, 0x0000000085400000, 0x00000000d5580000)
  object space 86016K, 10% used [0x0000000080000000,0x000000008092a3d0,0x0000000085400000)
 Metaspace       used 20544K, capacity 21208K, committed 21248K, reserved 1067008K
  class space    used 2872K, capacity 3056K, committed 3072K, reserved 1048576K
Event: 3.949 GC heap after
Heap after GC invocations=8 (full 1):
 PSYoungGen      total 75776K, used 0K [0x00000000d5580000, 0x00000000de980000, 0x0000000100000000)
  eden space 64512K, 0% used [0x00000000d5580000,0x00000000d5580000,0x00000000d9480000)
  from space 11264K, 0% used [0x00000000d9480000,0x00000000d9480000,0x00000000d9f80000)
  to   space 11264K, 0% used [0x00000000dde80000,0x00000000dde80000,0x00000000de980000)
 ParOldGen       total 52736K, used 9112K [0x0000000080000000, 0x0000000083380000, 0x00000000d5580000)
  object space 52736K, 17% used [0x0000000080000000,0x00000000808e6108,0x0000000083380000)
 Metaspace       used 20544K, capacity 21208K, committed 21248K, reserved 1067008K
  class space    used 2872K, capacity 3056K, committed 3072K, reserved 1048576K
}
Event: 4.638 GC heap before
{Heap before GC invocations=9 (full 1):
 PSYoungGen      total 75776K, used 64512K [0x00000000d5580000, 0x00000000de980000, 0x0000000100000000)
  eden space 64512K, 100% used [0x00000000d5580000,0x00000000d9480000,0x00000000d9480000)
  from space 11264K, 0% used [0x00000000d9480000,0x00000000d9480000,0x00000000d9f80000)
  to   space 11264K, 0% used [0x00000000dde80000,0x00000000dde80000,0x00000000de980000)
 ParOldGen       total 52736K, used 9112K [0x0000000080000000, 0x0000000083380000, 0x00000000d5580000)
  object space 52736K, 17% used [0x0000000080000000,0x00000000808e6108,0x0000000083380000)
 Metaspace       used 28220K, capacity 28928K, committed 29312K, reserved 1075200K
  class space    used 3894K, capacity 4131K, committed 4224K, reserved 1048576K
Event: 4.651 GC heap after
Heap after GC invocations=9 (full 1):
 PSYoungGen      total 123904K, used 8012K [0x00000000d5580000, 0x00000000de680000, 0x0000000100000000)
  eden space 115712K, 0% used [0x00000000d5580000,0x00000000d5580000,0x00000000dc680000)
  from space 8192K, 97% used [0x00000000dde80000,0x00000000de653178,0x00000000de680000)
  to   space 11264K, 0% used [0x00000000dd080000,0x00000000dd080000,0x00000000ddb80000)
 ParOldGen       total 52736K, used 9120K [0x0000000080000000, 0x0000000083380000, 0x00000000d5580000)
  object space 52736K, 17% used [0x0000000080000000,0x00000000808e8108,0x0000000083380000)
 Metaspace       used 28220K, capacity 28928K, committed 29312K, reserved 1075200K
  class space    used 3894K, capacity 4131K, committed 4224K, reserved 1048576K
}
Event: 5.873 GC heap before
{Heap before GC invocations=10 (full 1):
 PSYoungGen      total 123904K, used 122586K [0x00000000d5580000, 0x00000000de680000, 0x0000000100000000)
  eden space 115712K, 99% used [0x00000000d5580000,0x00000000dc563a18,0x00000000dc680000)
  from space 8192K, 97% used [0x00000000dde80000,0x00000000de653178,0x00000000de680000)
  to   space 11264K, 0% used [0x00000000dd080000,0x00000000dd080000,0x00000000ddb80000)
 ParOldGen       total 52736K, used 9120K [0x0000000080000000, 0x0000000083380000, 0x00000000d5580000)
  object space 52736K, 17% used [0x0000000080000000,0x00000000808e8108,0x0000000083380000)
 Metaspace       used 34481K, capacity 35394K, committed 35416K, reserved 1079296K
  class space    used 4731K, capacity 4972K, committed 4992K, reserved 1048576K
Event: 5.887 GC heap after
Heap after GC invocations=10 (full 1):
 PSYoungGen      total 137216K, used 11246K [0x00000000d5580000, 0x00000000e1380000, 0x0000000100000000)
  eden space 125952K, 0% used [0x00000000d5580000,0x00000000d5580000,0x00000000dd080000)
  from space 11264K, 99% used [0x00000000dd080000,0x00000000ddb7bba8,0x00000000ddb80000)
  to   space 12800K, 0% used [0x00000000e0700000,0x00000000e0700000,0x00000000e1380000)
 ParOldGen       total 52736K, used 9488K [0x0000000080000000, 0x0000000083380000, 0x00000000d5580000)
  object space 52736K, 17% used [0x0000000080000000,0x00000000809441e0,0x0000000083380000)
 Metaspace       used 34481K, capacity 35394K, committed 35416K, reserved 1079296K
  class space    used 4731K, capacity 4972K, committed 4992K, reserved 1048576K
}
Event: 5.887 GC heap before
{Heap before GC invocations=11 (full 2):
 PSYoungGen      total 137216K, used 11246K [0x00000000d5580000, 0x00000000e1380000, 0x0000000100000000)
  eden space 125952K, 0% used [0x00000000d5580000,0x00000000d5580000,0x00000000dd080000)
  from space 11264K, 99% used [0x00000000dd080000,0x00000000ddb7bba8,0x00000000ddb80000)
  to   space 12800K, 0% used [0x00000000e0700000,0x00000000e0700000,0x00000000e1380000)
 ParOldGen       total 52736K, used 9488K [0x0000000080000000, 0x0000000083380000, 0x00000000d5580000)
  object space 52736K, 17% used [0x0000000080000000,0x00000000809441e0,0x0000000083380000)
 Metaspace       used 34481K, capacity 35394K, committed 35416K, reserved 1079296K
  class space    used 4731K, capacity 4972K, committed 4992K, reserved 1048576K
Event: 5.962 GC heap after
Heap after GC invocations=11 (full 2):
 PSYoungGen      total 137216K, used 0K [0x00000000d5580000, 0x00000000e1380000, 0x0000000100000000)
  eden space 125952K, 0% used [0x00000000d5580000,0x00000000d5580000,0x00000000dd080000)
  from space 11264K, 0% used [0x00000000dd080000,0x00000000dd080000,0x00000000ddb80000)
  to   space 12800K, 0% used [0x00000000e0700000,0x00000000e0700000,0x00000000e1380000)
 ParOldGen       total 52736K, used 18163K [0x0000000080000000, 0x0000000083380000, 0x00000000d5580000)
  object space 52736K, 34% used [0x0000000080000000,0x00000000811bcf10,0x0000000083380000)
 Metaspace       used 34481K, capacity 35394K, committed 35416K, reserved 1079296K
  class space    used 4731K, capacity 4972K, committed 4992K, reserved 1048576K
}

Deoptimization events (10 events):
Event: 4.667 Thread 0x000000001c149000 Uncommon trap: reason=class_check action=maybe_recompile pc=0x0000000002f28990 method=sun.misc.URLClassPath.getLoader(I)Lsun/misc/URLClassPath$Loader; @ 239
Event: 4.869 Thread 0x000000001c149000 Uncommon trap: reason=unstable_if action=reinterpret pc=0x0000000002a6abcc method=java.util.HashMap.getNode(ILjava/lang/Object;)Ljava/util/HashMap$Node; @ 53
Event: 4.869 Thread 0x000000001c149000 Uncommon trap: reason=unstable_if action=reinterpret pc=0x0000000002cb9978 method=java.util.HashMap.hash(Ljava/lang/Object;)I @ 1
Event: 4.976 Thread 0x000000001c149000 Uncommon trap: reason=unstable_if action=reinterpret pc=0x00000000030cf038 method=org.gradle.internal.reflect.PropertyAccessorType.isGetGetterName(Ljava/lang/String;)Z @ 14
Event: 5.015 Thread 0x000000001c149000 Uncommon trap: reason=unstable_if action=reinterpret pc=0x0000000002f63ac0 method=org.objectweb.asm.ByteVector.putShort(I)Lorg/objectweb/asm/ByteVector; @ 13
Event: 5.110 Thread 0x000000001c149000 Uncommon trap: reason=class_check action=maybe_recompile pc=0x0000000002f27fd4 method=sun.misc.URLClassPath.getLoader(I)Lsun/misc/URLClassPath$Loader; @ 94
Event: 5.117 Thread 0x000000001c149000 Uncommon trap: reason=class_check action=maybe_recompile pc=0x0000000002f3855c method=sun.misc.URLClassPath.getLoader(I)Lsun/misc/URLClassPath$Loader; @ 239
Event: 5.239 Thread 0x000000001c149000 Uncommon trap: reason=class_check action=maybe_recompile pc=0x0000000002f5cbd0 method=java.util.WeakHashMap.eq(Ljava/lang/Object;Ljava/lang/Object;)Z @ 7
Event: 5.493 Thread 0x000000001c149000 Uncommon trap: reason=unstable_if action=reinterpret pc=0x000000000311fbe0 method=java.net.URI.match(CJJ)Z @ 45
Event: 5.769 Thread 0x000000001c149000 Uncommon trap: reason=unstable_if action=reinterpret pc=0x0000000002ea0a7c method=jdk.internal.org.objectweb.asm.Type.getArgumentsAndReturnSizes(Ljava/lang/String;)I @ 88

Classes redefined (0 events):
No events

Internal exceptions (10 events):
Event: 5.250 Thread 0x000000001c149000 Exception <a 'java/lang/ClassNotFoundException': org/gradle/api/internal/artifacts/dsl/DefaultRepositoryHandlerCustomizer> (0x00000000d8d27f58) thrown at [C:\src\AOSP-openjdk-git\hotspot\src\share\vm\classfile\systemDictionary.cpp, line 210]
Event: 5.252 Thread 0x000000001c149000 Exception <a 'java/lang/ClassNotFoundException': org/gradle/api/internal/artifacts/dsl/DefaultRepositoryHandler_DecoratedCustomizer> (0x00000000d8da6700) thrown at [C:\src\AOSP-openjdk-git\hotspot\src\share\vm\classfile\systemDictionary.cpp, line 210]
Event: 5.461 Thread 0x000000001c149000 Exception <a 'java/lang/ClassNotFoundException': org/gradle/api/internal/artifacts/dsl/dependencies/DefaultDependencyHandler_DecoratedBeanInfo> (0x00000000d9e9e880) thrown at [C:\src\AOSP-openjdk-git\hotspot\src\share\vm\classfile\systemDictionary.cpp, li
Event: 5.463 Thread 0x000000001c149000 Exception <a 'java/lang/ClassNotFoundException': org/gradle/api/internal/artifacts/dsl/dependencies/DefaultDependencyHandlerBeanInfo> (0x00000000d9ef9b10) thrown at [C:\src\AOSP-openjdk-git\hotspot\src\share\vm\classfile\systemDictionary.cpp, line 210]
Event: 5.465 Thread 0x000000001c149000 Exception <a 'java/lang/ClassNotFoundException': org/gradle/api/internal/artifacts/dsl/dependencies/DefaultDependencyHandlerCustomizer> (0x00000000d9f55c88) thrown at [C:\src\AOSP-openjdk-git\hotspot\src\share\vm\classfile\systemDictionary.cpp, line 210]
Event: 5.469 Thread 0x000000001c149000 Exception <a 'java/lang/ClassNotFoundException': org/gradle/api/internal/artifacts/dsl/dependencies/DefaultDependencyHandler_DecoratedCustomizer> (0x00000000d9fe3630) thrown at [C:\src\AOSP-openjdk-git\hotspot\src\share\vm\classfile\systemDictionary.cpp, 
Event: 5.767 Thread 0x000000001c149000 Exception <a 'java/lang/IncompatibleClassChangeError': Found class java.lang.Object, but interface was expected> (0x00000000dbb1b750) thrown at [C:\src\AOSP-openjdk-git\hotspot\src\share\vm\interpreter\linkResolver.cpp, line 653]
Event: 5.768 Thread 0x000000001c149000 Exception <a 'java/lang/NoSuchMethodError': java.lang.Object.lambda$comparing$77a9974f$1(Ljava/util/function/Function;Ljava/lang/Object;Ljava/lang/Object;)I> (0x00000000dbb26cb0) thrown at [C:\src\AOSP-openjdk-git\hotspot\src\share\vm\interpreter\linkReso
Event: 5.770 Thread 0x000000001c149000 Exception <a 'java/lang/NoSuchMethodError': java.lang.Object.lambda$thenComparing$36697e65$1(Ljava/util/Comparator;Ljava/lang/Object;Ljava/lang/Object;)I> (0x00000000dbb3aed8) thrown at [C:\src\AOSP-openjdk-git\hotspot\src\share\vm\interpreter\linkResolve
Event: 5.772 Thread 0x000000001c149000 Exception <a 'java/lang/NoSuchMethodError': java.lang.Object.lambda$comparing$ea9a8b3a$1(Ljava/util/Comparator;Ljava/util/function/Function;Ljava/lang/Object;Ljava/lang/Object;)I> (0x00000000dbb520e8) thrown at [C:\src\AOSP-openjdk-git\hotspot\src\share\v

Events (10 events):
Event: 6.084 loading class com/google/common/primitives/Longs$AsciiDigits
Event: 6.084 loading class com/google/common/primitives/Longs$AsciiDigits done
Event: 6.085 loading class org/gradle/api/internal/artifacts/ivyservice/resolveengine/graph/selectors/SelectorStateResolverResults$Registration
Event: 6.085 loading class org/gradle/api/internal/artifacts/ivyservice/resolveengine/graph/selectors/SelectorStateResolverResults$Registration done
Event: 6.086 loading class org/gradle/api/internal/artifacts/ivyservice/resolveengine/graph/conflicts/DefaultConflictResolverDetails
Event: 6.086 loading class org/gradle/api/internal/artifacts/ivyservice/resolveengine/graph/conflicts/DefaultConflictResolverDetails done
Event: 6.086 loading class org/gradle/api/internal/artifacts/ivyservice/resolveengine/graph/conflicts/CompositeConflictResolver$CompositeDetails
Event: 6.086 loading class org/gradle/api/internal/artifacts/ivyservice/resolveengine/graph/conflicts/CompositeConflictResolver$CompositeDetails done
Event: 6.087 loading class org/gradle/api/internal/artifacts/ivyservice/resolveengine/graph/conflicts/VersionConflictResolutionDetails
Event: 6.087 loading class org/gradle/api/internal/artifacts/ivyservice/resolveengine/graph/conflicts/VersionConflictResolutionDetails done


Dynamic libraries:
0x00007ff7ad9e0000 - 0x00007ff7ada11000 	C:\Program Files\Android\Android Studio\jre\bin\java.exe
0x00007ffbcb300000 - 0x00007ffbcb4f0000 	C:\Windows\SYSTEM32\ntdll.dll
0x00007ffbcafa0000 - 0x00007ffbcb052000 	C:\Windows\System32\KERNEL32.DLL
0x00007ffbc8280000 - 0x00007ffbc8524000 	C:\Windows\System32\KERNELBASE.dll
0x00007ffbca230000 - 0x00007ffbca2d3000 	C:\Windows\System32\ADVAPI32.dll
0x00007ffbcaa90000 - 0x00007ffbcab2e000 	C:\Windows\System32\msvcrt.dll
0x00007ffbcac60000 - 0x00007ffbcacf7000 	C:\Windows\System32\sechost.dll
0x00007ffbcb1a0000 - 0x00007ffbcb2c0000 	C:\Windows\System32\RPCRT4.dll
0x00007ffbcad00000 - 0x00007ffbcae95000 	C:\Windows\System32\USER32.dll
0x00007ffbc85c0000 - 0x00007ffbc85e1000 	C:\Windows\System32\win32u.dll
0x00007ffbc9e40000 - 0x00007ffbc9e66000 	C:\Windows\System32\GDI32.dll
0x00007ffbc8640000 - 0x00007ffbc87d6000 	C:\Windows\System32\gdi32full.dll
0x00007ffbc9310000 - 0x00007ffbc93ae000 	C:\Windows\System32\msvcp_win.dll
0x00007ffbc90c0000 - 0x00007ffbc91ba000 	C:\Windows\System32\ucrtbase.dll
0x00007ffbb10f0000 - 0x00007ffbb1374000 	C:\Windows\WinSxS\amd64_microsoft.windows.common-controls_6595b64144ccf1df_6.0.18362.1016_none_9e7a36bbe461dae4\COMCTL32.dll
0x00007ffbc9690000 - 0x00007ffbc99c5000 	C:\Windows\System32\combase.dll
0x00007ffbc8f90000 - 0x00007ffbc9010000 	C:\Windows\System32\bcryptPrimitives.dll
0x00007ffbcac30000 - 0x00007ffbcac5e000 	C:\Windows\System32\IMM32.DLL
0x0000000055ab0000 - 0x0000000055b82000 	C:\Program Files\Android\Android Studio\jre\jre\bin\msvcr100.dll
0x0000000055c70000 - 0x00000000564bb000 	C:\Program Files\Android\Android Studio\jre\jre\bin\server\jvm.dll
0x00007ffbcaf90000 - 0x00007ffbcaf98000 	C:\Windows\System32\PSAPI.DLL
0x00007ffbc5c70000 - 0x00007ffbc5c94000 	C:\Windows\SYSTEM32\WINMM.dll
0x00007ffba8640000 - 0x00007ffba8649000 	C:\Windows\SYSTEM32\WSOCK32.dll
0x00007ffbc2a50000 - 0x00007ffbc2a5a000 	C:\Windows\SYSTEM32\VERSION.dll
0x00007ffbcaf20000 - 0x00007ffbcaf8f000 	C:\Windows\System32\WS2_32.dll
0x00007ffbc5c30000 - 0x00007ffbc5c5d000 	C:\Windows\SYSTEM32\WINMMBASE.dll
0x00007ffbc85f0000 - 0x00007ffbc863a000 	C:\Windows\System32\cfgmgr32.dll
0x00007ffbc4630000 - 0x00007ffbc463f000 	C:\Program Files\Android\Android Studio\jre\jre\bin\verify.dll
0x00007ffbc4600000 - 0x00007ffbc4629000 	C:\Program Files\Android\Android Studio\jre\jre\bin\java.dll
0x00007ffbc45e0000 - 0x00007ffbc45f6000 	C:\Program Files\Android\Android Studio\jre\jre\bin\zip.dll
0x00007ffbca2e0000 - 0x00007ffbca9c7000 	C:\Windows\System32\SHELL32.dll
0x00007ffbc93b0000 - 0x00007ffbc9459000 	C:\Windows\System32\shcore.dll
0x00007ffbc8800000 - 0x00007ffbc8f82000 	C:\Windows\System32\windows.storage.dll
0x00007ffbc8210000 - 0x00007ffbc8233000 	C:\Windows\System32\profapi.dll
0x00007ffbc81c0000 - 0x00007ffbc820a000 	C:\Windows\System32\powrprof.dll
0x00007ffbc81b0000 - 0x00007ffbc81c0000 	C:\Windows\System32\UMPDC.dll
0x00007ffbc9e70000 - 0x00007ffbc9ec2000 	C:\Windows\System32\shlwapi.dll
0x00007ffbc8260000 - 0x00007ffbc8271000 	C:\Windows\System32\kernel.appcore.dll
0x00007ffbc87e0000 - 0x00007ffbc87f7000 	C:\Windows\System32\cryptsp.dll
0x00007ffbc2a70000 - 0x00007ffbc2a8a000 	C:\Program Files\Android\Android Studio\jre\jre\bin\net.dll
0x00007ffbc7960000 - 0x00007ffbc79c7000 	C:\Windows\system32\mswsock.dll
0x00007ffbc2530000 - 0x00007ffbc2543000 	C:\Program Files\Android\Android Studio\jre\jre\bin\nio.dll
0x00007ffbaa730000 - 0x00007ffbaa756000 	C:\Users\Kimdaewook\Android_AVD_Gradle\.gradle\native\31\windows-amd64\native-platform.dll
0x00007ffbc05e0000 - 0x00007ffbc05ed000 	C:\Program Files\Android\Android Studio\jre\jre\bin\management.dll
0x00007ffbc74e0000 - 0x00007ffbc7513000 	C:\Windows\system32\rsaenh.dll
0x00007ffbc8590000 - 0x00007ffbc85b6000 	C:\Windows\System32\bcrypt.dll
0x00007ffbc80d0000 - 0x00007ffbc80f5000 	C:\Windows\SYSTEM32\USERENV.dll
0x00007ffbc7ae0000 - 0x00007ffbc7aec000 	C:\Windows\SYSTEM32\CRYPTBASE.dll
0x00007ffbc7680000 - 0x00007ffbc76ba000 	C:\Windows\SYSTEM32\IPHLPAPI.DLL
0x00007ffbcaea0000 - 0x00007ffbcaea8000 	C:\Windows\System32\NSI.dll
0x00007ffbbfca0000 - 0x00007ffbbfcb6000 	C:\Windows\SYSTEM32\dhcpcsvc6.DLL
0x00007ffbbfcf0000 - 0x00007ffbbfd0c000 	C:\Windows\SYSTEM32\dhcpcsvc.DLL
0x00007ffbc76c0000 - 0x00007ffbc778b000 	C:\Windows\SYSTEM32\DNSAPI.dll

VM Arguments:
jvm_args: -Xmx2048m -Dfile.encoding=x-windows-949 -Duser.country=KR -Duser.language=ko -Duser.variant 
java_command: org.gradle.launcher.daemon.bootstrap.GradleDaemon 6.1.1
java_class_path (initial): C:\Users\Kimdaewook\Android_AVD_Gradle\.gradle\wrapper\dists\gradle-6.1.1-all\cfmwm155h49vnt3hynmlrsdst\gradle-6.1.1\lib\gradle-launcher-6.1.1.jar
Launcher Type: SUN_STANDARD

Environment Variables:
JAVA_HOME=C:\Program Files\Java\jdk-13
PATH=C:\Windows\system32;C:\Windows;C:\Windows\System32\Wbem;C:\Windows\System32\WindowsPowerShell\v1.0\;C:\Windows\System32\OpenSSH\;C:\Program Files\Java\jdk-13\bin;C:\Program Files\Intel\WiFi\bin\;C:\Program Files\Common Files\Intel\WirelessCommon\;C:\Python38\Scripts\;C:\Python38\;C:\Users\Kimdaewook\AppData\Local\Microsoft\WindowsApps;C:\Users\Kimdaewook\AppData\Local\Programs\Microsoft VS Code\bin;C:\Users\Kimdaewook\AppData\Local\atom\bin
USERNAME=Kimdaewook
OS=Windows_NT
PROCESSOR_IDENTIFIER=Intel64 Family 6 Model 142 Stepping 11, GenuineIntel



---------------  S Y S T E M  ---------------

OS: Windows 10.0 , 64 bit Build 18362 (10.0.18362.959)

CPU:total 8 (initial active 8) (4 cores per cpu, 2 threads per core) family 6 model 142 stepping 11, cmov, cx8, fxsr, mmx, sse, sse2, sse3, ssse3, sse4.1, sse4.2, popcnt, avx, avx2, aes, clmul, erms, 3dnowpref, lzcnt, ht, tsc, tscinvbit, bmi1, bmi2, adx

Memory: 4k page, physical 8236740k(397032k free), swap 8236740k(5344k free)

vm_info: OpenJDK 64-Bit Server VM (25.242-b01) for windows-amd64 JRE (1.8.0_242-release-1644-b01), built by "builder" with MS VC++ 10.0 (VS2010)

time: Thu Aug 27 00:05:49 2020
timezone: 대한민국 표준시
elapsed time: 6 seconds (0d 0h 0m 6s)

