#
# There is insufficient memory for the Java Runtime Environment to continue.
# Native memory allocation (malloc) failed to allocate 718416 bytes for Chunk::new
# Possible reasons:
#   The system is out of physical RAM or swap space
#   The process is running with CompressedOops enabled, and the Java Heap may be blocking the growth of the native heap
# Possible solutions:
#   Reduce memory load on the system
#   Increase physical memory or swap space
#   Check if swap backing store is full
#   Decrease Java heap size (-Xmx/-Xms)
#   Decrease number of Java threads
#   Decrease Java thread stack sizes (-Xss)
#   Set larger code cache with -XX:ReservedCodeCacheSize=
#   JVM is running with Unscaled Compressed Oops mode in which the Java heap is
#     placed in the first 4GB address space. The Java Heap base address is the
#     maximum limit for the native heap growth. Please use -XX:HeapBaseMinAddress
#     to set the Java Heap base and to place the Java Heap above 4GB virtual address.
# This output file may be truncated or incomplete.
#
#  Out of Memory Error (allocation.cpp:389), pid=1056, tid=0x00000000000038e4
#
# JRE version: OpenJDK Runtime Environment (8.0_242-b01) (build 1.8.0_242-release-1644-b01)
# Java VM: OpenJDK 64-Bit Server VM (25.242-b01 mixed mode windows-amd64 compressed oops)
# Failed to write core dump. Minidumps are not enabled by default on client versions of Windows
#

---------------  T H R E A D  ---------------

Current thread (0x000000001a631000):  JavaThread "C2 CompilerThread1" daemon [_thread_in_native, id=14564, stack(0x000000001aef0000,0x000000001aff0000)]

Stack: [0x000000001aef0000,0x000000001aff0000]
[error occurred during error reporting (printing stack bounds), id 0xc0000005]

Native frames: (J=compiled Java code, j=interpreted, Vv=VM code, C=native code)


Current CompileTask:
C2: 189966 13371       4       com.android.tools.r8.dex.n::e (704 bytes)


---------------  P R O C E S S  ---------------

Java Threads: ( => current thread )
  0x000000001f928800 JavaThread "ForkJoinPool-3-worker-0" daemon [_thread_blocked, id=14512, stack(0x0000000029de0000,0x0000000029ee0000)]
  0x000000001f927000 JavaThread "ForkJoinPool-3-worker-7" daemon [_thread_blocked, id=2564, stack(0x0000000029ce0000,0x0000000029de0000)]
  0x000000001f92a000 JavaThread "ForkJoinPool-3-worker-6" daemon [_thread_blocked, id=1456, stack(0x0000000029be0000,0x0000000029ce0000)]
  0x000000001f929800 JavaThread "ForkJoinPool-3-worker-5" daemon [_thread_blocked, id=15252, stack(0x0000000029ae0000,0x0000000029be0000)]
  0x000000001f928000 JavaThread "ForkJoinPool-3-worker-4" daemon [_thread_blocked, id=8668, stack(0x00000000299e0000,0x0000000029ae0000)]
  0x000000001f92c800 JavaThread "ForkJoinPool-3-worker-3" daemon [_thread_blocked, id=5412, stack(0x00000000298e0000,0x00000000299e0000)]
  0x000000001f92d000 JavaThread "ForkJoinPool-3-worker-2" daemon [_thread_blocked, id=9648, stack(0x00000000297e0000,0x00000000298e0000)]
  0x000000001f92b000 JavaThread "ForkJoinPool-3-worker-1" daemon [_thread_blocked, id=14480, stack(0x00000000296e0000,0x00000000297e0000)]
  0x000000001a68f000 JavaThread "WorkerExecutor Queue Thread 8" [_thread_blocked, id=15328, stack(0x0000000028b70000,0x0000000028c70000)]
  0x000000001a68e800 JavaThread "WorkerExecutor Queue Thread 7" [_thread_blocked, id=5320, stack(0x0000000028650000,0x0000000028750000)]
  0x000000001a68d800 JavaThread "WorkerExecutor Queue Thread 6" [_thread_blocked, id=6028, stack(0x0000000028550000,0x0000000028650000)]
  0x000000001d938800 JavaThread "WorkerExecutor Queue Thread 5" [_thread_blocked, id=15088, stack(0x0000000028450000,0x0000000028550000)]
  0x000000001d937800 JavaThread "WorkerExecutor Queue Thread 4" [_thread_blocked, id=14616, stack(0x0000000028350000,0x0000000028450000)]
  0x000000001d937000 JavaThread "Cache worker for Java compile cache (C:\Users\Kimdaewook\AndroidStudioProjects\Calculator_0905\.gradle\6.1.1\javaCompile)" [_thread_blocked, id=10288, stack(0x0000000027c50000,0x0000000027d50000)]
  0x000000001d936000 JavaThread "Cache worker for Java compile cache (C:\Users\Kimdaewook\Android_AVD_Gradle\.gradle\caches\6.1.1\javaCompile)" [_thread_blocked, id=9404, stack(0x0000000027b50000,0x0000000027c50000)]
  0x000000001d934000 JavaThread "WorkerExecutor Queue Thread 3" [_thread_blocked, id=14344, stack(0x0000000027a50000,0x0000000027b50000)]
  0x000000001d92b800 JavaThread "WorkerExecutor Queue Thread 2" [_thread_blocked, id=2784, stack(0x0000000027950000,0x0000000027a50000)]
  0x000000001d932800 JavaThread "stdout" [_thread_in_native, id=14504, stack(0x0000000027850000,0x0000000027950000)]
  0x000000001d931800 JavaThread "stderr" [_thread_in_native, id=9300, stack(0x0000000027750000,0x0000000027850000)]
  0x000000001d92a000 JavaThread "pool-4-thread-1" [_thread_blocked, id=11020, stack(0x0000000027650000,0x0000000027750000)]
  0x000000001d92f800 JavaThread "WorkerExecutor Queue" [_thread_in_Java, id=11096, stack(0x0000000027550000,0x0000000027650000)]
  0x000000001d931000 JavaThread "Cache worker for execution history cache (C:\Users\Kimdaewook\AndroidStudioProjects\Calculator_0905\.gradle\6.1.1\executionHistory)" [_thread_blocked, id=13892, stack(0x0000000027450000,0x0000000027550000)]
  0x000000001d929000 JavaThread "Execution worker for ':' Thread 7" [_thread_blocked, id=13184, stack(0x0000000026f30000,0x0000000027030000)]
  0x000000001d92a800 JavaThread "Execution worker for ':' Thread 6" [_thread_blocked, id=10504, stack(0x0000000026e30000,0x0000000026f30000)]
  0x0000000020723000 JavaThread "Execution worker for ':' Thread 5" [_thread_blocked, id=1360, stack(0x0000000026d30000,0x0000000026e30000)]
  0x0000000020722000 JavaThread "Execution worker for ':' Thread 4" [_thread_blocked, id=13896, stack(0x0000000026c30000,0x0000000026d30000)]
  0x0000000020728000 JavaThread "Execution worker for ':' Thread 3" [_thread_blocked, id=13900, stack(0x0000000026b30000,0x0000000026c30000)]
  0x0000000020729000 JavaThread "Execution worker for ':' Thread 2" [_thread_blocked, id=12820, stack(0x0000000026a30000,0x0000000026b30000)]
  0x0000000020727800 JavaThread "Execution worker for ':'" [_thread_blocked, id=15344, stack(0x0000000026930000,0x0000000026a30000)]
  0x0000000020726000 JavaThread "Cache worker for file content cache (C:\Users\Kimdaewook\AndroidStudioProjects\Calculator_0905\.gradle\6.1.1\fileContent)" [_thread_blocked, id=14596, stack(0x0000000026830000,0x0000000026930000)]
  0x0000000020725000 JavaThread "Cache worker for Build Output Cleanup Cache (C:\Users\Kimdaewook\AndroidStudioProjects\Calculator_0905\.gradle\buildOutputCleanup)" [_thread_blocked, id=1008, stack(0x0000000026230000,0x0000000026330000)]
  0x0000000020726800 JavaThread "Build operations Thread 8" [_thread_blocked, id=9780, stack(0x0000000024f00000,0x0000000025000000)]
  0x0000000020724800 JavaThread "Build operations Thread 7" [_thread_blocked, id=14984, stack(0x0000000024e00000,0x0000000024f00000)]
  0x000000002071d800 JavaThread "Build operations Thread 6" [_thread_blocked, id=14440, stack(0x0000000024d00000,0x0000000024e00000)]
  0x0000000020723800 JavaThread "Build operations Thread 5" [_thread_blocked, id=2396, stack(0x0000000024c00000,0x0000000024d00000)]
  0x000000002071c000 JavaThread "Build operations Thread 4" [_thread_blocked, id=264, stack(0x0000000024b00000,0x0000000024c00000)]
  0x000000002071d000 JavaThread "Build operations Thread 3" [_thread_blocked, id=2232, stack(0x0000000024a00000,0x0000000024b00000)]
  0x0000000020720000 JavaThread "Build operations Thread 2" [_thread_blocked, id=3976, stack(0x0000000023730000,0x0000000023830000)]
  0x0000000020719800 JavaThread "Build operations" [_thread_blocked, id=1732, stack(0x0000000022940000,0x0000000022a40000)]
  0x000000002071a800 JavaThread "Cache worker for cache directory md-rule (C:\Users\Kimdaewook\Android_AVD_Gradle\.gradle\caches\6.1.1\md-rule)" [_thread_blocked, id=13524, stack(0x0000000022540000,0x0000000022640000)]
  0x000000002071f000 JavaThread "Cache worker for cache directory md-supplier (C:\Users\Kimdaewook\Android_AVD_Gradle\.gradle\caches\6.1.1\md-supplier)" [_thread_blocked, id=9740, stack(0x0000000021410000,0x0000000021510000)]
  0x000000002071b000 JavaThread "Cache worker for file hash cache (C:\Users\Kimdaewook\AndroidStudioProjects\Calculator_0905\.gradle\6.1.1\fileHashes)" [_thread_blocked, id=8108, stack(0x0000000021310000,0x0000000021410000)]
  0x0000000021797800 JavaThread "Cache worker for checksums cache (C:\Users\Kimdaewook\AndroidStudioProjects\Calculator_0905\.gradle\checksums)" [_thread_blocked, id=13616, stack(0x000000001e970000,0x000000001ea70000)]
  0x000000002179a800 JavaThread "Thread-51" [_thread_blocked, id=9232, stack(0x000000001e670000,0x000000001e770000)]
  0x0000000021798800 JavaThread "Stdin handler" [_thread_blocked, id=10816, stack(0x000000001e570000,0x000000001e670000)]
  0x0000000021797000 JavaThread "Asynchronous log dispatcher for DefaultDaemonConnection: socket connection from /127.0.0.1:11711 to /127.0.0.1:11942" [_thread_blocked, id=15332, stack(0x000000001e270000,0x000000001e370000)]
  0x000000002179d000 JavaThread "Daemon worker Thread 2" [_thread_blocked, id=7688, stack(0x000000001e170000,0x000000001e270000)]
  0x0000000021799000 JavaThread "Cancel handler" [_thread_blocked, id=14716, stack(0x00000000017c0000,0x00000000018c0000)]
  0x000000002179b800 JavaThread "Handler for socket connection from /127.0.0.1:11711 to /127.0.0.1:11942" [_thread_in_native, id=1860, stack(0x00000000016c0000,0x00000000017c0000)]
  0x0000000021796000 JavaThread "Daemon Thread 2" [_thread_blocked, id=10344, stack(0x00000000015c0000,0x00000000016c0000)]
  0x000000001d935800 JavaThread "Cache worker for file content cache (C:\Users\Kimdaewook\Android_AVD_Gradle\.gradle\caches\6.1.1\fileContent)" [_thread_blocked, id=1160, stack(0x0000000026130000,0x0000000026230000)]
  0x000000001d934800 JavaThread "Memory manager" [_thread_blocked, id=9396, stack(0x0000000026030000,0x0000000026130000)]
  0x000000001a689000 JavaThread "Cache worker for execution history cache (C:\Users\Kimdaewook\Android_AVD_Gradle\.gradle\caches\6.1.1\executionHistory)" [_thread_blocked, id=6452, stack(0x0000000022640000,0x0000000022740000)]
  0x000000001a68a800 JavaThread "Cache worker for file hash cache (C:\Users\Kimdaewook\Android_AVD_Gradle\.gradle\caches\6.1.1\fileHashes)" [_thread_blocked, id=5304, stack(0x000000001ee70000,0x000000001ef70000)]
  0x000000001a68b800 JavaThread "File lock request listener" [_thread_in_native, id=8496, stack(0x000000001ed70000,0x000000001ee70000)]
  0x000000001d1f5000 JavaThread "Cache worker for journal cache (C:\Users\Kimdaewook\Android_AVD_Gradle\.gradle\caches\journal-1)" [_thread_blocked, id=12784, stack(0x000000001ec70000,0x000000001ed70000)]
  0x000000001d0c7800 JavaThread "Daemon periodic checks" [_thread_blocked, id=14496, stack(0x000000001e070000,0x000000001e170000)]
  0x000000001d0af800 JavaThread "Incoming local TCP Connector on port 11711" [_thread_in_native, id=9108, stack(0x000000001de90000,0x000000001df90000)]
  0x000000001a77a000 JavaThread "Daemon health stats" [_thread_blocked, id=2840, stack(0x000000001dd90000,0x000000001de90000)]
  0x000000001a720800 JavaThread "Service Thread" daemon [_thread_blocked, id=7260, stack(0x000000001b1f0000,0x000000001b2f0000)]
  0x000000001a68c000 JavaThread "C1 CompilerThread3" daemon [_thread_blocked, id=6620, stack(0x000000001b0f0000,0x000000001b1f0000)]
  0x000000001a68d000 JavaThread "C2 CompilerThread2" daemon [_thread_in_native, id=2032, stack(0x000000001aff0000,0x000000001b0f0000)]
=>0x000000001a631000 JavaThread "C2 CompilerThread1" daemon [_thread_in_native, id=14564, stack(0x000000001aef0000,0x000000001aff0000)]
  0x000000001a62a800 JavaThread "C2 CompilerThread0" daemon [_thread_in_native, id=9364, stack(0x000000001adf0000,0x000000001aef0000)]
  0x000000001a688800 JavaThread "Attach Listener" daemon [_thread_blocked, id=1492, stack(0x000000001acf0000,0x000000001adf0000)]
  0x000000001a687000 JavaThread "Signal Dispatcher" daemon [_thread_blocked, id=12752, stack(0x000000001abf0000,0x000000001acf0000)]
  0x000000001a611800 JavaThread "Finalizer" daemon [_thread_blocked, id=12536, stack(0x000000001aaf0000,0x000000001abf0000)]
  0x000000001a610800 JavaThread "Reference Handler" daemon [_thread_blocked, id=13916, stack(0x000000001a9f0000,0x000000001aaf0000)]
  0x000000000358e000 JavaThread "main" [_thread_blocked, id=14028, stack(0x0000000003590000,0x0000000003690000)]

Other Threads:
  0x00000000187f8000 VMThread [stack: 0x000000001a4f0000,0x000000001a5f0000] [id=9632]
  0x000000001a721000 WatcherThread [stack: 0x000000001b2f0000,0x000000001b3f0000] [id=6580]

VM state:not at safepoint (normal execution)

VM Mutex/Monitor currently owned by a thread: None

heap address: 0x0000000080000000, size: 2048 MB, Compressed Oops mode: 32-bit
Narrow klass base: 0x0000000000000000, Narrow klass shift: 3
Compressed class space size: 1073741824 Address: 0x0000000100000000

Heap:
 PSYoungGen      total 277504K, used 87889K [0x00000000d5580000, 0x00000000e8580000, 0x0000000100000000)
  eden space 247296K, 27% used [0x00000000d5580000,0x00000000d98b22c0,0x00000000e4700000)
  from space 30208K, 63% used [0x00000000e6500000,0x00000000e77a23c0,0x00000000e8280000)
  to   space 30720K, 0% used [0x00000000e4700000,0x00000000e4700000,0x00000000e6500000)
 ParOldGen       total 118784K, used 67863K [0x0000000080000000, 0x0000000087400000, 0x00000000d5580000)
  object space 118784K, 57% used [0x0000000080000000,0x0000000084245fa8,0x0000000087400000)
 Metaspace       used 86839K, capacity 91856K, committed 91944K, reserved 1128448K
  class space    used 11647K, capacity 12575K, committed 12592K, reserved 1048576K

Card table byte_map: [0x0000000012b50000,0x0000000012f60000] byte_map_base: 0x0000000012750000

Marking Bits: (ParMarkBitMap*) 0x000000006a22f030
 Begin Bits: [0x0000000013a10000, 0x0000000015a10000)
 End Bits:   [0x0000000015a10000, 0x0000000017a10000)

Polling page: 0x00000000014a0000

CodeCache: size=245760Kb used=35269Kb max_used=35269Kb free=210490Kb
 bounds [0x0000000003790000, 0x0000000005a30000, 0x0000000012790000]
 total_blobs=12310 nmethods=11442 adapters=779
 compilation: enabled

Compilation events (10 events):
Event: 189.962 Thread 0x000000001a68c000 nmethod 13565 0x0000000005a27b10 code [0x0000000005a27c80, 0x0000000005a27e08]
Event: 189.962 Thread 0x000000001a68c000 13569       1       com.android.tools.r8.code.U::a (1 bytes)
Event: 189.962 Thread 0x000000001a68c000 nmethod 13569 0x0000000005a27ed0 code [0x0000000005a28020, 0x0000000005a28130]
Event: 189.962 Thread 0x000000001a68c000 13562       2       com.android.tools.r8.graph.h0$t::collectIndexedItems (14 bytes)
Event: 189.963 Thread 0x000000001a68c000 nmethod 13562 0x0000000005a28190 code [0x0000000005a28300, 0x0000000005a284a8]
Event: 189.963 Thread 0x000000001a68c000 13560       2       com.android.tools.r8.dex.P$g::addClass (20 bytes)
Event: 189.963 Thread 0x000000001a68c000 nmethod 13560 0x0000000005a28590 code [0x0000000005a28720, 0x0000000005a28948]
Event: 189.963 Thread 0x000000001a68c000 13570       2       com.android.tools.r8.graph.h0$q::collectIndexedItems (1 bytes)
Event: 189.963 Thread 0x000000001a68c000 nmethod 13570 0x0000000005a28a90 code [0x0000000005a28be0, 0x0000000005a28d30]
Event: 189.963 Thread 0x000000001a68c000 13571       2       com.android.tools.r8.code.S0::a (1 bytes)

GC Heap History (10 events):
Event: 10.340 GC heap before
{Heap before GC invocations=13 (full 2):
 PSYoungGen      total 178688K, used 153847K [0x00000000d5580000, 0x00000000e1580000, 0x0000000100000000)
  eden space 165888K, 85% used [0x00000000d5580000,0x00000000ddf3fd00,0x00000000df780000)
  from space 12800K, 99% used [0x00000000e0880000,0x00000000e14fe270,0x00000000e1500000)
  to   space 15360K, 0% used [0x00000000df780000,0x00000000df780000,0x00000000e0680000)
 ParOldGen       total 78848K, used 20236K [0x0000000080000000, 0x0000000084d00000, 0x00000000d5580000)
  object space 78848K, 25% used [0x0000000080000000,0x00000000813c3200,0x0000000084d00000)
 Metaspace       used 56976K, capacity 59064K, committed 59160K, reserved 1099776K
  class space    used 7809K, capacity 8291K, committed 8368K, reserved 1048576K
Event: 10.380 GC heap after
Heap after GC invocations=13 (full 2):
 PSYoungGen      total 181248K, used 15351K [0x00000000d5580000, 0x00000000e5000000, 0x0000000100000000)
  eden space 165888K, 0% used [0x00000000d5580000,0x00000000d5580000,0x00000000df780000)
  from space 15360K, 99% used [0x00000000df780000,0x00000000e067dd30,0x00000000e0680000)
  to   space 20480K, 0% used [0x00000000e3c00000,0x00000000e3c00000,0x00000000e5000000)
 ParOldGen       total 78848K, used 29252K [0x0000000080000000, 0x0000000084d00000, 0x00000000d5580000)
  object space 78848K, 37% used [0x0000000080000000,0x0000000081c91128,0x0000000084d00000)
 Metaspace       used 56976K, capacity 59064K, committed 59160K, reserved 1099776K
  class space    used 7809K, capacity 8291K, committed 8368K, reserved 1048576K
}
Event: 10.380 GC heap before
{Heap before GC invocations=14 (full 3):
 PSYoungGen      total 181248K, used 15351K [0x00000000d5580000, 0x00000000e5000000, 0x0000000100000000)
  eden space 165888K, 0% used [0x00000000d5580000,0x00000000d5580000,0x00000000df780000)
  from space 15360K, 99% used [0x00000000df780000,0x00000000e067dd30,0x00000000e0680000)
  to   space 20480K, 0% used [0x00000000e3c00000,0x00000000e3c00000,0x00000000e5000000)
 ParOldGen       total 78848K, used 29252K [0x0000000080000000, 0x0000000084d00000, 0x00000000d5580000)
  object space 78848K, 37% used [0x0000000080000000,0x0000000081c91128,0x0000000084d00000)
 Metaspace       used 56976K, capacity 59064K, committed 59160K, reserved 1099776K
  class space    used 7809K, capacity 8291K, committed 8368K, reserved 1048576K
Event: 10.654 GC heap after
Heap after GC invocations=14 (full 3):
 PSYoungGen      total 181248K, used 0K [0x00000000d5580000, 0x00000000e5000000, 0x0000000100000000)
  eden space 165888K, 0% used [0x00000000d5580000,0x00000000d5580000,0x00000000df780000)
  from space 15360K, 0% used [0x00000000df780000,0x00000000df780000,0x00000000e0680000)
  to   space 20480K, 0% used [0x00000000e3c00000,0x00000000e3c00000,0x00000000e5000000)
 ParOldGen       total 118784K, used 36195K [0x0000000080000000, 0x0000000087400000, 0x00000000d5580000)
  object space 118784K, 30% used [0x0000000080000000,0x0000000082358c68,0x0000000087400000)
 Metaspace       used 56941K, capacity 58944K, committed 59160K, reserved 1099776K
  class space    used 7798K, capacity 8271K, committed 8368K, reserved 1048576K
}
Event: 14.243 GC heap before
{Heap before GC invocations=15 (full 3):
 PSYoungGen      total 181248K, used 165888K [0x00000000d5580000, 0x00000000e5000000, 0x0000000100000000)
  eden space 165888K, 100% used [0x00000000d5580000,0x00000000df780000,0x00000000df780000)
  from space 15360K, 0% used [0x00000000df780000,0x00000000df780000,0x00000000e0680000)
  to   space 20480K, 0% used [0x00000000e3c00000,0x00000000e3c00000,0x00000000e5000000)
 ParOldGen       total 118784K, used 36195K [0x0000000080000000, 0x0000000087400000, 0x00000000d5580000)
  object space 118784K, 30% used [0x0000000080000000,0x0000000082358c68,0x0000000087400000)
 Metaspace       used 62735K, capacity 65516K, committed 65832K, reserved 1105920K
  class space    used 8633K, capacity 9207K, committed 9264K, reserved 1048576K
Event: 14.293 GC heap after
Heap after GC invocations=15 (full 3):
 PSYoungGen      total 225792K, used 19558K [0x00000000d5580000, 0x00000000e4f80000, 0x0000000100000000)
  eden space 205824K, 0% used [0x00000000d5580000,0x00000000d5580000,0x00000000e1e80000)
  from space 19968K, 97% used [0x00000000e3c00000,0x00000000e4f19b48,0x00000000e4f80000)
  to   space 23040K, 0% used [0x00000000e2280000,0x00000000e2280000,0x00000000e3900000)
 ParOldGen       total 118784K, used 36203K [0x0000000080000000, 0x0000000087400000, 0x00000000d5580000)
  object space 118784K, 30% used [0x0000000080000000,0x000000008235ac68,0x0000000087400000)
 Metaspace       used 62735K, capacity 65516K, committed 65832K, reserved 1105920K
  class space    used 8633K, capacity 9207K, committed 9264K, reserved 1048576K
}
Event: 184.573 GC heap before
{Heap before GC invocations=16 (full 3):
 PSYoungGen      total 225792K, used 225382K [0x00000000d5580000, 0x00000000e4f80000, 0x0000000100000000)
  eden space 205824K, 100% used [0x00000000d5580000,0x00000000e1e80000,0x00000000e1e80000)
  from space 19968K, 97% used [0x00000000e3c00000,0x00000000e4f19b48,0x00000000e4f80000)
  to   space 23040K, 0% used [0x00000000e2280000,0x00000000e2280000,0x00000000e3900000)
 ParOldGen       total 118784K, used 36203K [0x0000000080000000, 0x0000000087400000, 0x00000000d5580000)
  object space 118784K, 30% used [0x0000000080000000,0x000000008235ac68,0x0000000087400000)
 Metaspace       used 70750K, capacity 73956K, committed 74152K, reserved 1114112K
  class space    used 9409K, capacity 10059K, committed 10160K, reserved 1048576K
Event: 184.700 GC heap after
Heap after GC invocations=16 (full 3):
 PSYoungGen      total 232960K, used 23016K [0x00000000d5580000, 0x00000000e8280000, 0x0000000100000000)
  eden space 209920K, 0% used [0x00000000d5580000,0x00000000d5580000,0x00000000e2280000)
  from space 23040K, 99% used [0x00000000e2280000,0x00000000e38fa050,0x00000000e3900000)
  to   space 30208K, 0% used [0x00000000e6500000,0x00000000e6500000,0x00000000e8280000)
 ParOldGen       total 118784K, used 45659K [0x0000000080000000, 0x0000000087400000, 0x00000000d5580000)
  object space 118784K, 38% used [0x0000000080000000,0x0000000082c96c78,0x0000000087400000)
 Metaspace       used 70750K, capacity 73956K, committed 74152K, reserved 1114112K
  class space    used 9409K, capacity 10059K, committed 10160K, reserved 1048576K
}
Event: 189.301 GC heap before
{Heap before GC invocations=17 (full 3):
 PSYoungGen      total 232960K, used 232936K [0x00000000d5580000, 0x00000000e8280000, 0x0000000100000000)
  eden space 209920K, 100% used [0x00000000d5580000,0x00000000e2280000,0x00000000e2280000)
  from space 23040K, 99% used [0x00000000e2280000,0x00000000e38fa050,0x00000000e3900000)
  to   space 30208K, 0% used [0x00000000e6500000,0x00000000e6500000,0x00000000e8280000)
 ParOldGen       total 118784K, used 45659K [0x0000000080000000, 0x0000000087400000, 0x00000000d5580000)
  object space 118784K, 38% used [0x0000000080000000,0x0000000082c96c78,0x0000000087400000)
 Metaspace       used 85358K, capacity 89876K, committed 90152K, reserved 1126400K
  class space    used 11437K, capacity 12263K, committed 12336K, reserved 1048576K
Event: 189.349 GC heap after
Heap after GC invocations=17 (full 3):
 PSYoungGen      total 277504K, used 19080K [0x00000000d5580000, 0x00000000e8580000, 0x0000000100000000)
  eden space 247296K, 0% used [0x00000000d5580000,0x00000000d5580000,0x00000000e4700000)
  from space 30208K, 63% used [0x00000000e6500000,0x00000000e77a23c0,0x00000000e8280000)
  to   space 30720K, 0% used [0x00000000e4700000,0x00000000e4700000,0x00000000e6500000)
 ParOldGen       total 118784K, used 67863K [0x0000000080000000, 0x0000000087400000, 0x00000000d5580000)
  object space 118784K, 57% used [0x0000000080000000,0x0000000084245fa8,0x0000000087400000)
 Metaspace       used 85358K, capacity 89876K, committed 90152K, reserved 1126400K
  class space    used 11437K, capacity 12263K, committed 12336K, reserved 1048576K
}

Deoptimization events (10 events):
Event: 189.585 Thread 0x000000001d92f800 Uncommon trap: reason=unstable_if action=reinterpret pc=0x00000000042d9c3c method=com.android.tools.r8.graph.e0.a([C)I @ 44
Event: 189.632 Thread 0x000000001d92f800 Uncommon trap: reason=unstable_if action=reinterpret pc=0x0000000005543e08 method=com.android.tools.r8.dex.n.g(I)Lcom/android/tools/r8/dex/p; @ 12
Event: 189.633 Thread 0x000000001d92f800 Uncommon trap: reason=unstable_if action=reinterpret pc=0x00000000053200e0 method=com.android.tools.r8.dex.n.m()V @ 22
Event: 189.662 Thread 0x000000001f92c800 Uncommon trap: reason=unstable_if action=reinterpret pc=0x0000000005940340 method=com.android.tools.r8.graph.e0.c(Lcom/android/tools/r8/graph/e0;)I @ 141
Event: 189.679 Thread 0x000000001f929800 Uncommon trap: reason=unstable_if action=reinterpret pc=0x000000000412cab0 method=java.util.Arrays.hashCode([Ljava/lang/Object;)I @ 1
Event: 189.679 Thread 0x000000001f92c800 Uncommon trap: reason=unstable_if action=reinterpret pc=0x000000000412cab0 method=java.util.Arrays.hashCode([Ljava/lang/Object;)I @ 1
Event: 189.682 Thread 0x000000001f927000 Uncommon trap: reason=unstable_if action=reinterpret pc=0x000000000412cab0 method=java.util.Arrays.hashCode([Ljava/lang/Object;)I @ 1
Event: 189.816 Thread 0x000000001f92c800 Uncommon trap: reason=unstable_if action=reinterpret pc=0x000000000427ee00 method=com.android.tools.r8.utils.W.d(I)Z @ 45
Event: 189.936 Thread 0x000000001d92f800 Uncommon trap: reason=bimorphic action=maybe_recompile pc=0x00000000059a1ce8 method=java.util.Collections$SetFromMap.contains(Ljava/lang/Object;)Z @ 5
Event: 189.936 Thread 0x000000001d92f800 Uncommon trap: reason=bimorphic action=maybe_recompile pc=0x00000000059962c4 method=java.util.Collections$SetFromMap.contains(Ljava/lang/Object;)Z @ 5

Classes redefined (0 events):
No events

Internal exceptions (10 events):
Event: 188.913 Thread 0x000000001a68e800 Exception <a 'java/lang/NoSuchMethodError': java.lang.Object.lambda$maxBy$1(Ljava/util/Comparator;Ljava/lang/Object;Ljava/lang/Object;)Ljava/lang/Object;> (0x00000000e046e618) thrown at [C:\src\AOSP-openjdk-git\hotspot\src\share\vm\interpreter\linkResolve
Event: 188.913 Thread 0x000000001a68d800 Exception <a 'java/lang/NoSuchMethodError': java.lang.Object.lambda$maxBy$1(Ljava/util/Comparator;Ljava/lang/Object;Ljava/lang/Object;)Ljava/lang/Object;> (0x00000000e022a208) thrown at [C:\src\AOSP-openjdk-git\hotspot\src\share\vm\interpreter\linkResolve
Event: 188.913 Thread 0x000000001d937800 Exception <a 'java/lang/NoSuchMethodError': java.lang.Object.lambda$maxBy$1(Ljava/util/Comparator;Ljava/lang/Object;Ljava/lang/Object;)Ljava/lang/Object;> (0x00000000e044cb00) thrown at [C:\src\AOSP-openjdk-git\hotspot\src\share\vm\interpreter\linkResolve
Event: 189.118 Thread 0x000000001d92b800 Implicit null exception at 0x000000000585d256 to 0x000000000585d409
Event: 189.427 Thread 0x000000001d92b800 Exception <a 'sun/nio/fs/WindowsException'> (0x00000000d5a5e430) thrown at [C:\src\AOSP-openjdk-git\hotspot\src\share\vm\prims\jni.cpp, line 710]
Event: 189.491 Thread 0x0000000020722000 Exception <a 'java/lang/NoSuchMethodError': <clinit>> (0x00000000d5c86500) thrown at [C:\src\AOSP-openjdk-git\hotspot\src\share\vm\prims\jni.cpp, line 1615]
Event: 189.539 Thread 0x000000001d92f800 Exception <a 'sun/nio/fs/WindowsException'> (0x00000000d622f2a0) thrown at [C:\src\AOSP-openjdk-git\hotspot\src\share\vm\prims\jni.cpp, line 710]
Event: 189.679 Thread 0x000000001f929800 Implicit null exception at 0x000000000412c9af to 0x000000000412caa1
Event: 189.679 Thread 0x000000001f92c800 Implicit null exception at 0x000000000412c9af to 0x000000000412caa1
Event: 189.679 Thread 0x000000001f927000 Implicit null exception at 0x000000000412c9af to 0x000000000412caa1

Events (10 events):
Event: 189.933 Executing VM operation: BulkRevokeBias
Event: 189.934 Executing VM operation: BulkRevokeBias done
Event: 189.936 Thread 0x000000001d92f800 Uncommon trap: trap_request=0xffffffc6 fr.pc=0x00000000059a1ce8
Event: 189.936 Thread 0x000000001d92f800 DEOPT PACKING pc=0x00000000059a1ce8 sp=0x000000002764df10
Event: 189.936 Thread 0x000000001d92f800 DEOPT UNPACKING pc=0x00000000037d557b sp=0x000000002764dde0 mode 2
Event: 189.936 Thread 0x000000001d92f800 Uncommon trap: trap_request=0xffffffc6 fr.pc=0x00000000059962c4
Event: 189.936 Thread 0x000000001d92f800 DEOPT PACKING pc=0x00000000059962c4 sp=0x000000002764ded0
Event: 189.936 Thread 0x000000001d92f800 DEOPT UNPACKING pc=0x00000000037d557b sp=0x000000002764dde0 mode 2
Event: 189.960 Thread 0x000000001d92f800 DEOPT PACKING pc=0x0000000005a0bd0a sp=0x000000002764dbc0
Event: 189.960 Thread 0x000000001d92f800 DEOPT UNPACKING pc=0x00000000037d75d0 sp=0x000000002764d9e8 mode 0


Dynamic libraries:
0x00007ff75d9a0000 - 0x00007ff75d9d1000 	C:\Program Files\Android\Android Studio\jre\bin\java.exe
0x00007ffad9c40000 - 0x00007ffad9e30000 	C:\Windows\SYSTEM32\ntdll.dll
0x00007ffad98e0000 - 0x00007ffad9992000 	C:\Windows\System32\KERNEL32.DLL
0x00007ffad7480000 - 0x00007ffad7724000 	C:\Windows\System32\KERNELBASE.dll
0x00007ffad99a0000 - 0x00007ffad9a43000 	C:\Windows\System32\ADVAPI32.dll
0x00007ffad7ff0000 - 0x00007ffad808e000 	C:\Windows\System32\msvcrt.dll
0x00007ffad9770000 - 0x00007ffad9807000 	C:\Windows\System32\sechost.dll
0x00007ffad92a0000 - 0x00007ffad93c0000 	C:\Windows\System32\RPCRT4.dll
0x00007ffad8110000 - 0x00007ffad82a5000 	C:\Windows\System32\USER32.dll
0x00007ffad7350000 - 0x00007ffad7371000 	C:\Windows\System32\win32u.dll
0x00007ffad8870000 - 0x00007ffad8896000 	C:\Windows\System32\GDI32.dll
0x00007ffad7b30000 - 0x00007ffad7cc6000 	C:\Windows\System32\gdi32full.dll
0x00007ffad7380000 - 0x00007ffad741e000 	C:\Windows\System32\msvcp_win.dll
0x00007ffad7830000 - 0x00007ffad792a000 	C:\Windows\System32\ucrtbase.dll
0x00007ffaba540000 - 0x00007ffaba7c4000 	C:\Windows\WinSxS\amd64_microsoft.windows.common-controls_6595b64144ccf1df_6.0.18362.1016_none_9e7a36bbe461dae4\COMCTL32.dll
0x00007ffad93c0000 - 0x00007ffad96f5000 	C:\Windows\System32\combase.dll
0x00007ffad7730000 - 0x00007ffad77b0000 	C:\Windows\System32\bcryptPrimitives.dll
0x00007ffad7e10000 - 0x00007ffad7e3e000 	C:\Windows\System32\IMM32.DLL
0x00000000698a0000 - 0x0000000069972000 	C:\Program Files\Android\Android Studio\jre\jre\bin\msvcr100.dll
0x0000000069a60000 - 0x000000006a2ab000 	C:\Program Files\Android\Android Studio\jre\jre\bin\server\jvm.dll
0x00007ffad7fe0000 - 0x00007ffad7fe8000 	C:\Windows\System32\PSAPI.DLL
0x00007ffaa9d80000 - 0x00007ffaa9d89000 	C:\Windows\SYSTEM32\WSOCK32.dll
0x00007ffad0700000 - 0x00007ffad070a000 	C:\Windows\SYSTEM32\VERSION.dll
0x00007ffad45e0000 - 0x00007ffad4604000 	C:\Windows\SYSTEM32\WINMM.dll
0x00007ffad7ec0000 - 0x00007ffad7f2f000 	C:\Windows\System32\WS2_32.dll
0x00007ffad4160000 - 0x00007ffad418d000 	C:\Windows\SYSTEM32\WINMMBASE.dll
0x00007ffad77b0000 - 0x00007ffad77fa000 	C:\Windows\System32\cfgmgr32.dll
0x00007ffad4780000 - 0x00007ffad478f000 	C:\Program Files\Android\Android Studio\jre\jre\bin\verify.dll
0x00007ffac5ca0000 - 0x00007ffac5cc9000 	C:\Program Files\Android\Android Studio\jre\jre\bin\java.dll
0x00007ffac6240000 - 0x00007ffac6256000 	C:\Program Files\Android\Android Studio\jre\jre\bin\zip.dll
0x00007ffad8b40000 - 0x00007ffad9227000 	C:\Windows\System32\SHELL32.dll
0x00007ffad7f30000 - 0x00007ffad7fd9000 	C:\Windows\System32\shcore.dll
0x00007ffad6bc0000 - 0x00007ffad7342000 	C:\Windows\System32\windows.storage.dll
0x00007ffad6b40000 - 0x00007ffad6b63000 	C:\Windows\System32\profapi.dll
0x00007ffad6b70000 - 0x00007ffad6bba000 	C:\Windows\System32\powrprof.dll
0x00007ffad6af0000 - 0x00007ffad6b00000 	C:\Windows\System32\UMPDC.dll
0x00007ffad8090000 - 0x00007ffad80e2000 	C:\Windows\System32\shlwapi.dll
0x00007ffad6b00000 - 0x00007ffad6b11000 	C:\Windows\System32\kernel.appcore.dll
0x00007ffad7cd0000 - 0x00007ffad7ce7000 	C:\Windows\System32\cryptsp.dll
0x00007ffab0290000 - 0x00007ffab02aa000 	C:\Program Files\Android\Android Studio\jre\jre\bin\net.dll
0x00007ffad62a0000 - 0x00007ffad6307000 	C:\Windows\system32\mswsock.dll
0x00007ffaabd10000 - 0x00007ffaabd23000 	C:\Program Files\Android\Android Studio\jre\jre\bin\nio.dll
0x00007ffa85cc0000 - 0x00007ffa85ce6000 	C:\Users\Kimdaewook\Android_AVD_Gradle\.gradle\native\31\windows-amd64\native-platform.dll
0x00007fface280000 - 0x00007fface28d000 	C:\Program Files\Android\Android Studio\jre\jre\bin\management.dll
0x00007ffad5e20000 - 0x00007ffad5e53000 	C:\Windows\system32\rsaenh.dll
0x00007ffad7800000 - 0x00007ffad7826000 	C:\Windows\System32\bcrypt.dll
0x00007ffad69e0000 - 0x00007ffad6a05000 	C:\Windows\SYSTEM32\USERENV.dll
0x00007ffad6420000 - 0x00007ffad642c000 	C:\Windows\SYSTEM32\CRYPTBASE.dll
0x00007ffad5fc0000 - 0x00007ffad5ffa000 	C:\Windows\SYSTEM32\IPHLPAPI.DLL
0x00007ffad7e00000 - 0x00007ffad7e08000 	C:\Windows\System32\NSI.dll
0x00007ffaced20000 - 0x00007ffaced36000 	C:\Windows\SYSTEM32\dhcpcsvc6.DLL
0x00007ffaced70000 - 0x00007ffaced8c000 	C:\Windows\SYSTEM32\dhcpcsvc.DLL
0x00007ffad6000000 - 0x00007ffad60cb000 	C:\Windows\SYSTEM32\DNSAPI.dll

VM Arguments:
jvm_args: -Xmx2048m -Dfile.encoding=x-windows-949 -Duser.country=KR -Duser.language=ko -Duser.variant 
java_command: org.gradle.launcher.daemon.bootstrap.GradleDaemon 6.1.1
java_class_path (initial): C:\Users\Kimdaewook\Android_AVD_Gradle\.gradle\wrapper\dists\gradle-6.1.1-all\cfmwm155h49vnt3hynmlrsdst\gradle-6.1.1\lib\gradle-launcher-6.1.1.jar
Launcher Type: SUN_STANDARD

Environment Variables:
JAVA_HOME=C:\Program Files\Java\jdk-13
PATH=C:\Windows\system32;C:\Windows;C:\Windows\System32\Wbem;C:\Windows\System32\WindowsPowerShell\v1.0\;C:\Windows\System32\OpenSSH\;C:\Program Files\Java\jdk-13\bin;C:\Program Files\Intel\WiFi\bin\;C:\Program Files\Common Files\Intel\WirelessCommon\;C:\Program Files\dotnet\;C:\Python38\Scripts\;C:\Python38\;C:\Users\Kimdaewook\AppData\Local\Microsoft\WindowsApps;C:\Users\Kimdaewook\AppData\Local\Programs\Microsoft VS Code\bin;C:\Users\Kimdaewook\AppData\Local\atom\bin
USERNAME=Kimdaewook
OS=Windows_NT
PROCESSOR_IDENTIFIER=Intel64 Family 6 Model 142 Stepping 11, GenuineIntel



---------------  S Y S T E M  ---------------

OS: Windows 10.0 , 64 bit Build 18362 (10.0.18362.959)

CPU:total 8 (initial active 8) (4 cores per cpu, 2 threads per core) family 6 model 142 stepping 11, cmov, cx8, fxsr, mmx, sse, sse2, sse3, ssse3, sse4.1, sse4.2, popcnt, avx, avx2, aes, clmul, erms, 3dnowpref, lzcnt, ht, tsc, tscinvbit, bmi1, bmi2, adx

Memory: 4k page, physical 8236740k(251604k free), swap 8236740k(3252k free)

vm_info: OpenJDK 64-Bit Server VM (25.242-b01) for windows-amd64 JRE (1.8.0_242-release-1644-b01), built by "builder" with MS VC++ 10.0 (VS2010)

time: Sat Sep 05 15:54:59 2020
timezone: 대한민국 표준시
elapsed time: 189 seconds (0d 0h 3m 9s)

