#
# There is insufficient memory for the Java Runtime Environment to continue.
# Native memory allocation (malloc) failed to allocate 65552 bytes for Chunk::new
# Possible reasons:
#   The system is out of physical RAM or swap space
#   The process is running with CompressedOops enabled, and the Java Heap may be blocking the growth of the native heap
# Possible solutions:
#   Reduce memory load on the system
#   Increase physical memory or swap space
#   Check if swap backing store is full
#   Decrease Java heap size (-Xmx/-Xms)
#   Decrease number of Java threads
#   Decrease Java thread stack sizes (-Xss)
#   Set larger code cache with -XX:ReservedCodeCacheSize=
#   JVM is running with Unscaled Compressed Oops mode in which the Java heap is
#     placed in the first 4GB address space. The Java Heap base address is the
#     maximum limit for the native heap growth. Please use -XX:HeapBaseMinAddress
#     to set the Java Heap base and to place the Java Heap above 4GB virtual address.
# This output file may be truncated or incomplete.
#
#  Out of Memory Error (allocation.cpp:389), pid=13276, tid=0x0000000000002b78
#
# JRE version: OpenJDK Runtime Environment (8.0_242-b01) (build 1.8.0_242-release-1644-b01)
# Java VM: OpenJDK 64-Bit Server VM (25.242-b01 mixed mode windows-amd64 compressed oops)
# Failed to write core dump. Minidumps are not enabled by default on client versions of Windows
#

---------------  T H R E A D  ---------------

Current thread (0x000000001a24b800):  JavaThread "C2 CompilerThread0" daemon [_thread_in_native, id=11128, stack(0x000000001aa10000,0x000000001ab10000)]

Stack: [0x000000001aa10000,0x000000001ab10000]
[error occurred during error reporting (printing stack bounds), id 0xc0000005]

Native frames: (J=compiled Java code, j=interpreted, Vv=VM code, C=native code)


Current CompileTask:
C2:   9429 5182 %     4       org.gradle.internal.instantiation.generator.AbstractClassGenerator::inspectType @ 77 (559 bytes)


---------------  P R O C E S S  ---------------

Java Threads: ( => current thread )
  0x0000000020136800 JavaThread "Cache worker for file content cache (C:\Users\Kimdaewook\AndroidStudioProjects\Calculator\.gradle\6.1.1\fileContent)" [_thread_blocked, id=4932, stack(0x0000000026e40000,0x0000000026f40000)]
  0x0000000020132000 JavaThread "Cache worker for file content cache (C:\Users\Kimdaewook\Android_AVD_Gradle\.gradle\caches\6.1.1\fileContent)" [_thread_blocked, id=15504, stack(0x0000000026d40000,0x0000000026e40000)]
  0x0000000020134800 JavaThread "Memory manager" [_thread_blocked, id=4660, stack(0x00000000263b0000,0x00000000264b0000)]
  0x0000000020131800 JavaThread "Cache worker for Build Output Cleanup Cache (C:\Users\Kimdaewook\AndroidStudioProjects\Calculator\.gradle\buildOutputCleanup)" [_thread_blocked, id=10436, stack(0x0000000024430000,0x0000000024530000)]
  0x000000002012d800 JavaThread "Build operations Thread 8" [_thread_blocked, id=14856, stack(0x0000000025cb0000,0x0000000025db0000)]
  0x0000000020130000 JavaThread "Build operations Thread 7" [_thread_blocked, id=10168, stack(0x0000000025bb0000,0x0000000025cb0000)]
  0x000000002012b800 JavaThread "Build operations Thread 6" [_thread_blocked, id=14508, stack(0x0000000025ab0000,0x0000000025bb0000)]
  0x000000002012a000 JavaThread "Build operations Thread 5" [_thread_blocked, id=16268, stack(0x0000000024960000,0x0000000024a60000)]
  0x000000002012d000 JavaThread "Build operations Thread 4" [_thread_blocked, id=16880, stack(0x0000000024860000,0x0000000024960000)]
  0x000000002012c000 JavaThread "Build operations Thread 3" [_thread_blocked, id=11704, stack(0x0000000024760000,0x0000000024860000)]
  0x0000000020130800 JavaThread "Build operations Thread 2" [_thread_blocked, id=14732, stack(0x0000000024660000,0x0000000024760000)]
  0x000000002012f000 JavaThread "Build operations" [_thread_blocked, id=7336, stack(0x0000000024560000,0x0000000024660000)]
  0x000000001d185000 JavaThread "Cache worker for execution history cache (C:\Users\Kimdaewook\Android_AVD_Gradle\.gradle\caches\6.1.1\executionHistory)" [_thread_blocked, id=9032, stack(0x0000000022760000,0x0000000022860000)]
  0x000000001d183800 JavaThread "Cache worker for cache directory md-rule (C:\Users\Kimdaewook\Android_AVD_Gradle\.gradle\caches\6.1.1\md-rule)" [_thread_blocked, id=260, stack(0x0000000022660000,0x0000000022760000)]
  0x000000001d184800 JavaThread "Cache worker for cache directory md-supplier (C:\Users\Kimdaewook\Android_AVD_Gradle\.gradle\caches\6.1.1\md-supplier)" [_thread_blocked, id=2404, stack(0x0000000022280000,0x0000000022380000)]
  0x000000001d181800 JavaThread "Cache worker for file hash cache (C:\Users\Kimdaewook\AndroidStudioProjects\Calculator\.gradle\6.1.1\fileHashes)" [_thread_blocked, id=16560, stack(0x0000000020ff0000,0x00000000210f0000)]
  0x000000001d17e800 JavaThread "Cache worker for checksums cache (C:\Users\Kimdaewook\AndroidStudioProjects\Calculator\.gradle\checksums)" [_thread_blocked, id=7420, stack(0x0000000022180000,0x0000000022280000)]
  0x000000001d182000 JavaThread "Cache worker for file hash cache (C:\Users\Kimdaewook\Android_AVD_Gradle\.gradle\caches\6.1.1\fileHashes)" [_thread_blocked, id=16164, stack(0x000000001eab0000,0x000000001ebb0000)]
  0x000000001d183000 JavaThread "File lock request listener" [_thread_in_native, id=15904, stack(0x000000001e9b0000,0x000000001eab0000)]
  0x000000001d1d5000 JavaThread "Cache worker for journal cache (C:\Users\Kimdaewook\Android_AVD_Gradle\.gradle\caches\journal-1)" [_thread_blocked, id=13372, stack(0x000000001e8b0000,0x000000001e9b0000)]
  0x000000001d006800 JavaThread "Thread-9" [_thread_blocked, id=12464, stack(0x000000001e5b0000,0x000000001e6b0000)]
  0x000000001d003800 JavaThread "Stdin handler" [_thread_blocked, id=6908, stack(0x000000001e4b0000,0x000000001e5b0000)]
  0x000000001d002000 JavaThread "Asynchronous log dispatcher for DefaultDaemonConnection: socket connection from /127.0.0.1:10485 to /127.0.0.1:10486" [_thread_blocked, id=4444, stack(0x000000001e3b0000,0x000000001e4b0000)]
  0x000000001c2a7800 JavaThread "Daemon worker" [_thread_in_Java, id=10300, stack(0x000000001e2b0000,0x000000001e3b0000)]
  0x000000001b11a800 JavaThread "Cancel handler" [_thread_blocked, id=10396, stack(0x000000001e1b0000,0x000000001e2b0000)]
  0x000000001b3a3000 JavaThread "Handler for socket connection from /127.0.0.1:10485 to /127.0.0.1:10486" [_thread_in_native, id=1604, stack(0x000000001deb0000,0x000000001dfb0000)]
  0x000000001c08c800 JavaThread "Daemon" [_thread_blocked, id=17132, stack(0x000000001ddb0000,0x000000001deb0000)]
  0x000000001c085800 JavaThread "Daemon periodic checks" [_thread_blocked, id=8156, stack(0x000000001dcb0000,0x000000001ddb0000)]
  0x000000001cfc5800 JavaThread "Incoming local TCP Connector on port 10485" [_thread_in_native, id=17044, stack(0x000000001dad0000,0x000000001dbd0000)]
  0x000000001b100000 JavaThread "Daemon health stats" [_thread_blocked, id=15988, stack(0x000000001c7e0000,0x000000001c8e0000)]
  0x000000001a2c1000 JavaThread "Service Thread" daemon [_thread_blocked, id=8196, stack(0x000000001ae10000,0x000000001af10000)]
  0x000000001a2aa000 JavaThread "C1 CompilerThread3" daemon [_thread_blocked, id=7224, stack(0x000000001ad10000,0x000000001ae10000)]
  0x0000000018458000 JavaThread "C2 CompilerThread2" daemon [_thread_in_vm, id=8180, stack(0x000000001ac10000,0x000000001ad10000)]
  0x000000001a250000 JavaThread "C2 CompilerThread1" daemon [_thread_in_native, id=12672, stack(0x000000001ab10000,0x000000001ac10000)]
=>0x000000001a24b800 JavaThread "C2 CompilerThread0" daemon [_thread_in_native, id=11128, stack(0x000000001aa10000,0x000000001ab10000)]
  0x000000001a24b000 JavaThread "Attach Listener" daemon [_thread_blocked, id=17260, stack(0x000000001a910000,0x000000001aa10000)]
  0x000000001a236800 JavaThread "Signal Dispatcher" daemon [_thread_blocked, id=15552, stack(0x000000001a810000,0x000000001a910000)]
  0x000000001a231800 JavaThread "Finalizer" daemon [_thread_blocked, id=7904, stack(0x000000001a710000,0x000000001a810000)]
  0x000000001a230800 JavaThread "Reference Handler" daemon [_thread_blocked, id=7096, stack(0x000000001a610000,0x000000001a710000)]
  0x0000000002e8e000 JavaThread "main" [_thread_blocked, id=3800, stack(0x00000000031e0000,0x00000000032e0000)]

Other Threads:
  0x0000000018448000 VMThread [stack: 0x000000001a110000,0x000000001a210000] [id=11080]
  0x000000001a331800 WatcherThread [stack: 0x000000001af10000,0x000000001b010000] [id=16048]

VM state:not at safepoint (normal execution)

VM Mutex/Monitor currently owned by a thread: None

heap address: 0x0000000080000000, size: 2048 MB, Compressed Oops mode: 32-bit
Narrow klass base: 0x0000000000000000, Narrow klass shift: 3
Compressed class space size: 1073741824 Address: 0x0000000100000000

Heap:
 PSYoungGen      total 183296K, used 19075K [0x00000000d5580000, 0x00000000e1800000, 0x0000000100000000)
  eden space 167936K, 11% used [0x00000000d5580000,0x00000000d6820da8,0x00000000df980000)
  from space 15360K, 0% used [0x00000000dfa00000,0x00000000dfa00000,0x00000000e0900000)
  to   space 12800K, 0% used [0x00000000e0b80000,0x00000000e0b80000,0x00000000e1800000)
 ParOldGen       total 114688K, used 36087K [0x0000000080000000, 0x0000000087000000, 0x00000000d5580000)
  object space 114688K, 31% used [0x0000000080000000,0x000000008233de50,0x0000000087000000)
 Metaspace       used 57754K, capacity 59850K, committed 60200K, reserved 1101824K
  class space    used 7957K, capacity 8432K, committed 8496K, reserved 1048576K

Card table byte_map: [0x00000000127a0000,0x0000000012bb0000] byte_map_base: 0x00000000123a0000

Marking Bits: (ParMarkBitMap*) 0x000000005643f030
 Begin Bits: [0x0000000013660000, 0x0000000015660000)
 End Bits:   [0x0000000015660000, 0x0000000017660000)

Polling page: 0x0000000001010000

CodeCache: size=245760Kb used=16514Kb max_used=16693Kb free=229245Kb
 bounds [0x00000000033e0000, 0x0000000004440000, 0x00000000123e0000]
 total_blobs=5634 nmethods=4850 adapters=694
 compilation: enabled

Compilation events (10 events):
Event: 9.423 Thread 0x000000001a2aa000 nmethod 5376 0x000000000356d010 code [0x000000000356d160, 0x000000000356d270]
Event: 9.423 Thread 0x000000001a2aa000 5377       1       org.gradle.internal.component.external.model.AbstractModuleComponentResolveMetadata::isMissing (5 bytes)
Event: 9.423 Thread 0x000000001a2aa000 nmethod 5377 0x000000000356cd50 code [0x000000000356cea0, 0x000000000356cfb0]
Event: 9.423 Thread 0x000000001a2aa000 5378       1       org.gradle.internal.component.external.model.AbstractModuleComponentResolveMetadata::getVariants (5 bytes)
Event: 9.423 Thread 0x000000001a2aa000 nmethod 5378 0x000000000356ca90 code [0x000000000356cbe0, 0x000000000356ccf0]
Event: 9.423 Thread 0x000000001a2aa000 5381       3       org.gradle.api.internal.artifacts.ivyservice.modulecache.ModuleMetadataSerializer$Reader::readMavenDependencyExcludes (68 bytes)
Event: 9.424 Thread 0x0000000018458000 nmethod 5311% 0x0000000003b13d90 code [0x0000000003b13ee0, 0x0000000003b14078]
Event: 9.424 Thread 0x0000000018458000 5379       4       java.util.HashMap::resize (359 bytes)
Event: 9.424 Thread 0x000000001a2aa000 nmethod 5381 0x000000000365ad10 code [0x000000000365af80, 0x000000000365bda8]
Event: 9.425 Thread 0x000000001a2aa000 5380       3       org.gradle.api.internal.artifacts.ivyservice.modulecache.ModuleMetadataSerializer$Reader::readMavenDependency (142 bytes)

GC Heap History (10 events):
Event: 5.303 GC heap before
{Heap before GC invocations=10 (full 1):
 PSYoungGen      total 125952K, used 122300K [0x00000000d5580000, 0x00000000de600000, 0x0000000100000000)
  eden space 117760K, 96% used [0x00000000d5580000,0x00000000dc4f58f0,0x00000000dc880000)
  from space 8192K, 99% used [0x00000000dde00000,0x00000000de5f9a70,0x00000000de600000)
  to   space 11264K, 0% used [0x00000000dd000000,0x00000000dd000000,0x00000000ddb00000)
 ParOldGen       total 49664K, used 7495K [0x0000000080000000, 0x0000000083080000, 0x00000000d5580000)
  object space 49664K, 15% used [0x0000000080000000,0x0000000080751d10,0x0000000083080000)
 Metaspace       used 34509K, capacity 35442K, committed 35496K, reserved 1079296K
  class space    used 4737K, capacity 5006K, committed 5040K, reserved 1048576K
Event: 5.313 GC heap after
Heap after GC invocations=10 (full 1):
 PSYoungGen      total 136704K, used 11251K [0x00000000d5580000, 0x00000000e1800000, 0x0000000100000000)
  eden space 125440K, 0% used [0x00000000d5580000,0x00000000d5580000,0x00000000dd000000)
  from space 11264K, 99% used [0x00000000dd000000,0x00000000ddafcf78,0x00000000ddb00000)
  to   space 12800K, 0% used [0x00000000e0b80000,0x00000000e0b80000,0x00000000e1800000)
 ParOldGen       total 49664K, used 7858K [0x0000000080000000, 0x0000000083080000, 0x00000000d5580000)
  object space 49664K, 15% used [0x0000000080000000,0x00000000807acbe8,0x0000000083080000)
 Metaspace       used 34509K, capacity 35442K, committed 35496K, reserved 1079296K
  class space    used 4737K, capacity 5006K, committed 5040K, reserved 1048576K
}
Event: 5.313 GC heap before
{Heap before GC invocations=11 (full 2):
 PSYoungGen      total 136704K, used 11251K [0x00000000d5580000, 0x00000000e1800000, 0x0000000100000000)
  eden space 125440K, 0% used [0x00000000d5580000,0x00000000d5580000,0x00000000dd000000)
  from space 11264K, 99% used [0x00000000dd000000,0x00000000ddafcf78,0x00000000ddb00000)
  to   space 12800K, 0% used [0x00000000e0b80000,0x00000000e0b80000,0x00000000e1800000)
 ParOldGen       total 49664K, used 7858K [0x0000000080000000, 0x0000000083080000, 0x00000000d5580000)
  object space 49664K, 15% used [0x0000000080000000,0x00000000807acbe8,0x0000000083080000)
 Metaspace       used 34509K, capacity 35442K, committed 35496K, reserved 1079296K
  class space    used 4737K, capacity 5006K, committed 5040K, reserved 1048576K
Event: 5.372 GC heap after
Heap after GC invocations=11 (full 2):
 PSYoungGen      total 136704K, used 0K [0x00000000d5580000, 0x00000000e1800000, 0x0000000100000000)
  eden space 125440K, 0% used [0x00000000d5580000,0x00000000d5580000,0x00000000dd000000)
  from space 11264K, 0% used [0x00000000dd000000,0x00000000dd000000,0x00000000ddb00000)
  to   space 12800K, 0% used [0x00000000e0b80000,0x00000000e0b80000,0x00000000e1800000)
 ParOldGen       total 75776K, used 18243K [0x0000000080000000, 0x0000000084a00000, 0x00000000d5580000)
  object space 75776K, 24% used [0x0000000080000000,0x00000000811d0ca8,0x0000000084a00000)
 Metaspace       used 34509K, capacity 35442K, committed 35496K, reserved 1079296K
  class space    used 4737K, capacity 5006K, committed 5040K, reserved 1048576K
}
Event: 7.131 GC heap before
{Heap before GC invocations=12 (full 2):
 PSYoungGen      total 136704K, used 125440K [0x00000000d5580000, 0x00000000e1800000, 0x0000000100000000)
  eden space 125440K, 100% used [0x00000000d5580000,0x00000000dd000000,0x00000000dd000000)
  from space 11264K, 0% used [0x00000000dd000000,0x00000000dd000000,0x00000000ddb00000)
  to   space 12800K, 0% used [0x00000000e0b80000,0x00000000e0b80000,0x00000000e1800000)
 ParOldGen       total 75776K, used 18243K [0x0000000080000000, 0x0000000084a00000, 0x00000000d5580000)
  object space 75776K, 24% used [0x0000000080000000,0x00000000811d0ca8,0x0000000084a00000)
 Metaspace       used 44956K, capacity 46464K, committed 46632K, reserved 1089536K
  class space    used 6088K, capacity 6432K, committed 6448K, reserved 1048576K
Event: 7.151 GC heap after
Heap after GC invocations=12 (full 2):
 PSYoungGen      total 180736K, used 12780K [0x00000000d5580000, 0x00000000e1800000, 0x0000000100000000)
  eden space 167936K, 0% used [0x00000000d5580000,0x00000000d5580000,0x00000000df980000)
  from space 12800K, 99% used [0x00000000e0b80000,0x00000000e17fb290,0x00000000e1800000)
  to   space 15360K, 0% used [0x00000000dfa00000,0x00000000dfa00000,0x00000000e0900000)
 ParOldGen       total 75776K, used 20417K [0x0000000080000000, 0x0000000084a00000, 0x00000000d5580000)
  object space 75776K, 26% used [0x0000000080000000,0x00000000813f05d8,0x0000000084a00000)
 Metaspace       used 44956K, capacity 46464K, committed 46632K, reserved 1089536K
  class space    used 6088K, capacity 6432K, committed 6448K, reserved 1048576K
}
Event: 8.954 GC heap before
{Heap before GC invocations=13 (full 2):
 PSYoungGen      total 180736K, used 154218K [0x00000000d5580000, 0x00000000e1800000, 0x0000000100000000)
  eden space 167936K, 84% used [0x00000000d5580000,0x00000000ddf9f640,0x00000000df980000)
  from space 12800K, 99% used [0x00000000e0b80000,0x00000000e17fb290,0x00000000e1800000)
  to   space 15360K, 0% used [0x00000000dfa00000,0x00000000dfa00000,0x00000000e0900000)
 ParOldGen       total 75776K, used 20417K [0x0000000080000000, 0x0000000084a00000, 0x00000000d5580000)
  object space 75776K, 26% used [0x0000000080000000,0x00000000813f05d8,0x0000000084a00000)
 Metaspace       used 56983K, capacity 59036K, committed 59160K, reserved 1099776K
  class space    used 7814K, capacity 8287K, committed 8368K, reserved 1048576K
Event: 8.981 GC heap after
Heap after GC invocations=13 (full 2):
 PSYoungGen      total 183296K, used 15349K [0x00000000d5580000, 0x00000000e1800000, 0x0000000100000000)
  eden space 167936K, 0% used [0x00000000d5580000,0x00000000d5580000,0x00000000df980000)
  from space 15360K, 99% used [0x00000000dfa00000,0x00000000e08fd5c8,0x00000000e0900000)
  to   space 12800K, 0% used [0x00000000e0b80000,0x00000000e0b80000,0x00000000e1800000)
 ParOldGen       total 75776K, used 29278K [0x0000000080000000, 0x0000000084a00000, 0x00000000d5580000)
  object space 75776K, 38% used [0x0000000080000000,0x0000000081c979a0,0x0000000084a00000)
 Metaspace       used 56983K, capacity 59036K, committed 59160K, reserved 1099776K
  class space    used 7814K, capacity 8287K, committed 8368K, reserved 1048576K
}
Event: 8.981 GC heap before
{Heap before GC invocations=14 (full 3):
 PSYoungGen      total 183296K, used 15349K [0x00000000d5580000, 0x00000000e1800000, 0x0000000100000000)
  eden space 167936K, 0% used [0x00000000d5580000,0x00000000d5580000,0x00000000df980000)
  from space 15360K, 99% used [0x00000000dfa00000,0x00000000e08fd5c8,0x00000000e0900000)
  to   space 12800K, 0% used [0x00000000e0b80000,0x00000000e0b80000,0x00000000e1800000)
 ParOldGen       total 75776K, used 29278K [0x0000000080000000, 0x0000000084a00000, 0x00000000d5580000)
  object space 75776K, 38% used [0x0000000080000000,0x0000000081c979a0,0x0000000084a00000)
 Metaspace       used 56983K, capacity 59036K, committed 59160K, reserved 1099776K
  class space    used 7814K, capacity 8287K, committed 8368K, reserved 1048576K
Event: 9.176 GC heap after
Heap after GC invocations=14 (full 3):
 PSYoungGen      total 183296K, used 0K [0x00000000d5580000, 0x00000000e1800000, 0x0000000100000000)
  eden space 167936K, 0% used [0x00000000d5580000,0x00000000d5580000,0x00000000df980000)
  from space 15360K, 0% used [0x00000000dfa00000,0x00000000dfa00000,0x00000000e0900000)
  to   space 12800K, 0% used [0x00000000e0b80000,0x00000000e0b80000,0x00000000e1800000)
 ParOldGen       total 114688K, used 36087K [0x0000000080000000, 0x0000000087000000, 0x00000000d5580000)
  object space 114688K, 31% used [0x0000000080000000,0x000000008233de50,0x0000000087000000)
 Metaspace       used 56956K, capacity 58940K, committed 59160K, reserved 1099776K
  class space    used 7805K, capacity 8271K, committed 8368K, reserved 1048576K
}

Deoptimization events (10 events):
Event: 8.635 Thread 0x000000001c2a7800 Uncommon trap: reason=bimorphic action=maybe_recompile pc=0x0000000003a064c4 method=java.util.regex.Pattern$5.isSatisfiedBy(I)Z @ 16
Event: 8.900 Thread 0x000000001c2a7800 Uncommon trap: reason=unstable_if action=reinterpret pc=0x00000000039c0fa8 method=java.util.regex.Pattern$BmpCharProperty.match(Ljava/util/regex/Matcher;ILjava/lang/CharSequence;)Z @ 34
Event: 8.910 Thread 0x000000001c2a7800 Uncommon trap: reason=unstable_if action=reinterpret pc=0x0000000003a32d68 method=com.sun.org.apache.xerces.internal.impl.XMLEntityScanner.scanLiteral(ILcom/sun/org/apache/xerces/internal/xni/XMLString;Z)I @ 660
Event: 8.916 Thread 0x000000001c2a7800 Uncommon trap: reason=unstable_if action=reinterpret pc=0x0000000003a263c8 method=com.sun.org.apache.xerces.internal.util.SymbolTable.addSymbol([CII)Ljava/lang/String; @ 38
Event: 9.187 Thread 0x000000001c2a7800 Uncommon trap: reason=unstable_if action=reinterpret pc=0x000000000357cb58 method=com.google.gson.stream.JsonReader.doPeek()I @ 315
Event: 9.227 Thread 0x000000001c2a7800 Uncommon trap: reason=predicate action=maybe_recompile pc=0x000000000441fc78 method=java.util.AbstractCollection.toArray([Ljava/lang/Object;)[Ljava/lang/Object; @ 49
Event: 9.249 Thread 0x000000001c2a7800 Uncommon trap: reason=unstable_if action=reinterpret pc=0x0000000004203428 method=java.lang.String.lastIndexOf([CII[CIII)I @ 118
Event: 9.257 Thread 0x000000001c2a7800 Uncommon trap: reason=unstable_if action=reinterpret pc=0x00000000037cd334 method=java.lang.String.lastIndexOf([CII[CIII)I @ 118
Event: 9.300 Thread 0x000000001c2a7800 Uncommon trap: reason=unstable_if action=reinterpret pc=0x00000000040c2868 method=java.util.concurrent.ConcurrentHashMap.addCount(JI)V @ 110
Event: 9.300 Thread 0x000000001c2a7800 Uncommon trap: reason=unstable_if action=reinterpret pc=0x000000000408d36c method=java.util.concurrent.ConcurrentHashMap.addCount(JI)V @ 110

Classes redefined (0 events):
No events

Internal exceptions (10 events):
Event: 7.900 Thread 0x000000001c2a7800 Exception <a 'java/lang/ClassNotFoundException': org/gradle/api/plugins/internal/DefaultBasePluginConventionCustomizer> (0x00000000d9542df0) thrown at [C:\src\AOSP-openjdk-git\hotspot\src\share\vm\classfile\systemDictionary.cpp, line 210]
Event: 7.907 Thread 0x000000001c2a7800 Exception <a 'java/lang/NoSuchMethodError': java.lang.Object.lambda$comparingInt$7b0bb60$1(Ljava/util/function/ToIntFunction;Ljava/lang/Object;Ljava/lang/Object;)I> (0x00000000d95b4678) thrown at [C:\src\AOSP-openjdk-git\hotspot\src\share\vm\interpreter\l
Event: 8.420 Thread 0x000000001c2a7800 Exception <a 'java/lang/ClassNotFoundException': com/android/build/gradle/internal/api/ApkVariantOutputImpl_DecoratedBeanInfo> (0x00000000dacef480) thrown at [C:\src\AOSP-openjdk-git\hotspot\src\share\vm\classfile\systemDictionary.cpp, line 210]
Event: 8.421 Thread 0x000000001c2a7800 Exception <a 'java/lang/ClassNotFoundException': com/android/build/gradle/internal/api/ApkVariantOutputImplBeanInfo> (0x00000000dad0c4d0) thrown at [C:\src\AOSP-openjdk-git\hotspot\src\share\vm\classfile\systemDictionary.cpp, line 210]
Event: 8.421 Thread 0x000000001c2a7800 Exception <a 'java/lang/ClassNotFoundException': com/android/build/gradle/internal/api/BaseVariantOutputImplBeanInfo> (0x00000000dad2a8f8) thrown at [C:\src\AOSP-openjdk-git\hotspot\src\share\vm\classfile\systemDictionary.cpp, line 210]
Event: 8.422 Thread 0x000000001c2a7800 Exception <a 'java/lang/ClassNotFoundException': com/android/build/gradle/internal/api/BaseVariantOutputImplCustomizer> (0x00000000dad49278) thrown at [C:\src\AOSP-openjdk-git\hotspot\src\share\vm\classfile\systemDictionary.cpp, line 210]
Event: 8.423 Thread 0x000000001c2a7800 Exception <a 'java/lang/ClassNotFoundException': com/android/build/gradle/internal/api/ApkVariantOutputImplCustomizer> (0x00000000dad81848) thrown at [C:\src\AOSP-openjdk-git\hotspot\src\share\vm\classfile\systemDictionary.cpp, line 210]
Event: 8.424 Thread 0x000000001c2a7800 Exception <a 'java/lang/ClassNotFoundException': com/android/build/gradle/internal/api/ApkVariantOutputImpl_DecoratedCustomizer> (0x00000000dadb53b8) thrown at [C:\src\AOSP-openjdk-git\hotspot\src\share\vm\classfile\systemDictionary.cpp, line 210]
Event: 8.663 Thread 0x000000001c2a7800 Exception <a 'java/lang/ClassNotFoundException': com/sun/org/glassfish/hk2/osgiresourcelocator/ServiceLoader> (0x00000000dc5dde70) thrown at [C:\src\AOSP-openjdk-git\hotspot\src\share\vm\classfile\systemDictionary.cpp, line 210]
Event: 8.714 Thread 0x000000001c2a7800 Exception <a 'java/lang/NullPointerException'> (0x00000000dca37620) thrown at [C:\src\AOSP-openjdk-git\hotspot\src\share\vm\interpreter\linkResolver.cpp, line 1287]

Events (10 events):
Event: 9.388 loading class org/gradle/api/artifacts/DirectDependenciesMetadata
Event: 9.388 loading class org/gradle/api/artifacts/DirectDependenciesMetadata done
Event: 9.389 loading class org/gradle/api/internal/artifacts/repositories/resolver/DirectDependencyMetadataAdapter
Event: 9.389 loading class org/gradle/api/internal/artifacts/repositories/resolver/DirectDependencyMetadataAdapter done
Event: 9.389 loading class org/gradle/api/internal/artifacts/repositories/resolver/AbstractDependencyMetadataAdapter
Event: 9.389 loading class org/gradle/api/internal/artifacts/repositories/resolver/AbstractDependencyMetadataAdapter done
Event: 9.392 loading class org/gradle/api/artifacts/DirectDependencyMetadata
Event: 9.392 loading class org/gradle/api/artifacts/DirectDependencyMetadata done
Event: 9.402 Executing VM operation: ForceSafepoint
Event: 9.402 Executing VM operation: ForceSafepoint done


Dynamic libraries:
0x00007ff623230000 - 0x00007ff623261000 	C:\Program Files\Android\Android Studio\jre\bin\java.exe
0x00007ffbcb300000 - 0x00007ffbcb4f0000 	C:\Windows\SYSTEM32\ntdll.dll
0x00007ffbcafa0000 - 0x00007ffbcb052000 	C:\Windows\System32\KERNEL32.DLL
0x00007ffbc8280000 - 0x00007ffbc8524000 	C:\Windows\System32\KERNELBASE.dll
0x00007ffbca230000 - 0x00007ffbca2d3000 	C:\Windows\System32\ADVAPI32.dll
0x00007ffbcaa90000 - 0x00007ffbcab2e000 	C:\Windows\System32\msvcrt.dll
0x00007ffbcac60000 - 0x00007ffbcacf7000 	C:\Windows\System32\sechost.dll
0x00007ffbcb1a0000 - 0x00007ffbcb2c0000 	C:\Windows\System32\RPCRT4.dll
0x00007ffbcad00000 - 0x00007ffbcae95000 	C:\Windows\System32\USER32.dll
0x00007ffbc85c0000 - 0x00007ffbc85e1000 	C:\Windows\System32\win32u.dll
0x00007ffbc9e40000 - 0x00007ffbc9e66000 	C:\Windows\System32\GDI32.dll
0x00007ffbc8640000 - 0x00007ffbc87d6000 	C:\Windows\System32\gdi32full.dll
0x00007ffbc9310000 - 0x00007ffbc93ae000 	C:\Windows\System32\msvcp_win.dll
0x00007ffbc90c0000 - 0x00007ffbc91ba000 	C:\Windows\System32\ucrtbase.dll
0x00007ffbb10f0000 - 0x00007ffbb1374000 	C:\Windows\WinSxS\amd64_microsoft.windows.common-controls_6595b64144ccf1df_6.0.18362.1016_none_9e7a36bbe461dae4\COMCTL32.dll
0x00007ffbc9690000 - 0x00007ffbc99c5000 	C:\Windows\System32\combase.dll
0x00007ffbc8f90000 - 0x00007ffbc9010000 	C:\Windows\System32\bcryptPrimitives.dll
0x00007ffbcac30000 - 0x00007ffbcac5e000 	C:\Windows\System32\IMM32.DLL
0x0000000055ab0000 - 0x0000000055b82000 	C:\Program Files\Android\Android Studio\jre\jre\bin\msvcr100.dll
0x0000000055c70000 - 0x00000000564bb000 	C:\Program Files\Android\Android Studio\jre\jre\bin\server\jvm.dll
0x00007ffbcaf90000 - 0x00007ffbcaf98000 	C:\Windows\System32\PSAPI.DLL
0x00007ffbc5c70000 - 0x00007ffbc5c94000 	C:\Windows\SYSTEM32\WINMM.dll
0x00007ffba8640000 - 0x00007ffba8649000 	C:\Windows\SYSTEM32\WSOCK32.dll
0x00007ffbc2a50000 - 0x00007ffbc2a5a000 	C:\Windows\SYSTEM32\VERSION.dll
0x00007ffbcaf20000 - 0x00007ffbcaf8f000 	C:\Windows\System32\WS2_32.dll
0x00007ffbc5c30000 - 0x00007ffbc5c5d000 	C:\Windows\SYSTEM32\winmmbase.dll
0x00007ffbc85f0000 - 0x00007ffbc863a000 	C:\Windows\System32\cfgmgr32.dll
0x00007ffbc4630000 - 0x00007ffbc463f000 	C:\Program Files\Android\Android Studio\jre\jre\bin\verify.dll
0x00007ffbbc0a0000 - 0x00007ffbbc0c9000 	C:\Program Files\Android\Android Studio\jre\jre\bin\java.dll
0x00007ffbc45e0000 - 0x00007ffbc45f6000 	C:\Program Files\Android\Android Studio\jre\jre\bin\zip.dll
0x00007ffbca2e0000 - 0x00007ffbca9c7000 	C:\Windows\System32\SHELL32.dll
0x00007ffbc93b0000 - 0x00007ffbc9459000 	C:\Windows\System32\shcore.dll
0x00007ffbc8800000 - 0x00007ffbc8f82000 	C:\Windows\System32\windows.storage.dll
0x00007ffbc8210000 - 0x00007ffbc8233000 	C:\Windows\System32\profapi.dll
0x00007ffbc81c0000 - 0x00007ffbc820a000 	C:\Windows\System32\powrprof.dll
0x00007ffbc81b0000 - 0x00007ffbc81c0000 	C:\Windows\System32\UMPDC.dll
0x00007ffbc9e70000 - 0x00007ffbc9ec2000 	C:\Windows\System32\shlwapi.dll
0x00007ffbc8260000 - 0x00007ffbc8271000 	C:\Windows\System32\kernel.appcore.dll
0x00007ffbc87e0000 - 0x00007ffbc87f7000 	C:\Windows\System32\cryptsp.dll
0x00007ffbbc080000 - 0x00007ffbbc09a000 	C:\Program Files\Android\Android Studio\jre\jre\bin\net.dll
0x00007ffbc7960000 - 0x00007ffbc79c7000 	C:\Windows\system32\mswsock.dll
0x00007ffbaeb70000 - 0x00007ffbaeb83000 	C:\Program Files\Android\Android Studio\jre\jre\bin\nio.dll
0x00007ffbbc1b0000 - 0x00007ffbbc1d6000 	C:\Users\Kimdaewook\Android_AVD_Gradle\.gradle\native\31\windows-amd64\native-platform.dll
0x00007ffbc4620000 - 0x00007ffbc462d000 	C:\Program Files\Android\Android Studio\jre\jre\bin\management.dll
0x00007ffbc74e0000 - 0x00007ffbc7513000 	C:\Windows\system32\rsaenh.dll
0x00007ffbc8590000 - 0x00007ffbc85b6000 	C:\Windows\System32\bcrypt.dll
0x00007ffbc80d0000 - 0x00007ffbc80f5000 	C:\Windows\SYSTEM32\USERENV.dll
0x00007ffbc7ae0000 - 0x00007ffbc7aec000 	C:\Windows\SYSTEM32\CRYPTBASE.dll
0x00007ffbc7680000 - 0x00007ffbc76ba000 	C:\Windows\SYSTEM32\IPHLPAPI.DLL
0x00007ffbcaea0000 - 0x00007ffbcaea8000 	C:\Windows\System32\NSI.dll
0x00007ffbbfca0000 - 0x00007ffbbfcb6000 	C:\Windows\SYSTEM32\dhcpcsvc6.DLL
0x00007ffbbfcf0000 - 0x00007ffbbfd0c000 	C:\Windows\SYSTEM32\dhcpcsvc.DLL
0x00007ffbc76c0000 - 0x00007ffbc778b000 	C:\Windows\SYSTEM32\DNSAPI.dll

VM Arguments:
jvm_args: -Xmx2048m -Dfile.encoding=x-windows-949 -Duser.country=KR -Duser.language=ko -Duser.variant 
java_command: org.gradle.launcher.daemon.bootstrap.GradleDaemon 6.1.1
java_class_path (initial): C:\Users\Kimdaewook\Android_AVD_Gradle\.gradle\wrapper\dists\gradle-6.1.1-all\cfmwm155h49vnt3hynmlrsdst\gradle-6.1.1\lib\gradle-launcher-6.1.1.jar
Launcher Type: SUN_STANDARD

Environment Variables:
JAVA_HOME=C:\Program Files\Java\jdk-13
PATH=C:\Windows\system32;C:\Windows;C:\Windows\System32\Wbem;C:\Windows\System32\WindowsPowerShell\v1.0\;C:\Windows\System32\OpenSSH\;C:\Program Files\Java\jdk-13\bin;C:\Program Files\Intel\WiFi\bin\;C:\Program Files\Common Files\Intel\WirelessCommon\;C:\Python38\Scripts\;C:\Python38\;C:\Users\Kimdaewook\AppData\Local\Microsoft\WindowsApps;C:\Users\Kimdaewook\AppData\Local\Programs\Microsoft VS Code\bin;C:\Users\Kimdaewook\AppData\Local\atom\bin
USERNAME=Kimdaewook
OS=Windows_NT
PROCESSOR_IDENTIFIER=Intel64 Family 6 Model 142 Stepping 11, GenuineIntel



---------------  S Y S T E M  ---------------

OS: Windows 10.0 , 64 bit Build 18362 (10.0.18362.959)

CPU:total 8 (initial active 8) (4 cores per cpu, 2 threads per core) family 6 model 142 stepping 11, cmov, cx8, fxsr, mmx, sse, sse2, sse3, ssse3, sse4.1, sse4.2, popcnt, avx, avx2, aes, clmul, erms, 3dnowpref, lzcnt, ht, tsc, tscinvbit, bmi1, bmi2, adx

Memory: 4k page, physical 8236740k(165776k free), swap 8236740k(3388k free)

vm_info: OpenJDK 64-Bit Server VM (25.242-b01) for windows-amd64 JRE (1.8.0_242-release-1644-b01), built by "builder" with MS VC++ 10.0 (VS2010)

time: Wed Aug 26 23:47:32 2020
timezone: 대한민국 표준시
elapsed time: 9 seconds (0d 0h 0m 9s)

